{"C:\\Users\\Micro\\Desktop\\SEC (Sistema de Estoque  - Confeitaria\\src\\BACKEND\\API_CONFEITARIA\\app.js": {"path":"C:\\Users\\Micro\\Desktop\\SEC (Sistema de Estoque  - Confeitaria\\src\\BACKEND\\API_CONFEITARIA\\app.js","statementMap":{"0":{"start":{"line":1,"column":16},"end":{"line":1,"column":34}},"1":{"start":{"line":2,"column":15},"end":{"line":2,"column":34}},"2":{"start":{"line":3,"column":13},"end":{"line":3,"column":28}},"3":{"start":{"line":5,"column":12},"end":{"line":5,"column":21}},"4":{"start":{"line":7,"column":0},"end":{"line":7,"column":51}},"5":{"start":{"line":8,"column":0},"end":{"line":8,"column":24}},"6":{"start":{"line":9,"column":0},"end":{"line":9,"column":36}},"7":{"start":{"line":11,"column":0},"end":{"line":11,"column":21}}},"fnMap":{},"branchMap":{},"s":{"0":6,"1":6,"2":6,"3":6,"4":6,"5":6,"6":6,"7":6},"f":{},"b":{},"_coverageSchema":"1a1c01bbd47fc00a2c39e90264f33305004495a9","hash":"7e7fe8ca26b98507840298a83b005a0bed2c81e4"}
,"C:\\Users\\Micro\\Desktop\\SEC (Sistema de Estoque  - Confeitaria\\src\\BACKEND\\API_CONFEITARIA\\controllers\\LoginController.js": {"path":"C:\\Users\\Micro\\Desktop\\SEC (Sistema de Estoque  - Confeitaria\\src\\BACKEND\\API_CONFEITARIA\\controllers\\LoginController.js","statementMap":{"0":{"start":{"line":1,"column":0},"end":{"line":1,"column":27}},"1":{"start":{"line":2,"column":18},"end":{"line":2,"column":40}},"2":{"start":{"line":4,"column":25},"end":{"line":4,"column":50}},"3":{"start":{"line":5,"column":15},"end":{"line":5,"column":33}},"4":{"start":{"line":7,"column":12},"end":{"line":7,"column":35}},"5":{"start":{"line":9,"column":16},"end":{"line":9,"column":45}},"6":{"start":{"line":13,"column":29},"end":{"line":13,"column":37}},"7":{"start":{"line":15,"column":4},"end":{"line":17,"column":5}},"8":{"start":{"line":16,"column":6},"end":{"line":16,"column":69}},"9":{"start":{"line":19,"column":4},"end":{"line":21,"column":5}},"10":{"start":{"line":20,"column":6},"end":{"line":20,"column":69}},"11":{"start":{"line":23,"column":17},"end":{"line":27,"column":6}},"12":{"start":{"line":29,"column":4},"end":{"line":31,"column":5}},"13":{"start":{"line":30,"column":6},"end":{"line":30,"column":75}},"14":{"start":{"line":33,"column":26},"end":{"line":33,"column":54}},"15":{"start":{"line":35,"column":4},"end":{"line":37,"column":5}},"16":{"start":{"line":36,"column":6},"end":{"line":36,"column":56}},"17":{"start":{"line":39,"column":28},"end":{"line":39,"column":52}},"18":{"start":{"line":41,"column":4},"end":{"line":57,"column":5}},"19":{"start":{"line":42,"column":24},"end":{"line":42,"column":28}},"20":{"start":{"line":43,"column":20},"end":{"line":45,"column":8}},"21":{"start":{"line":47,"column":6},"end":{"line":54,"column":11}},"22":{"start":{"line":56,"column":6},"end":{"line":56,"column":29}},"23":{"start":{"line":61,"column":0},"end":{"line":61,"column":33}}},"fnMap":{"0":{"name":"(anonymous_0)","decl":{"start":{"line":12,"column":2},"end":{"line":12,"column":3}},"loc":{"start":{"line":12,"column":31},"end":{"line":58,"column":3}},"line":12}},"branchMap":{"0":{"loc":{"start":{"line":15,"column":4},"end":{"line":17,"column":5}},"type":"if","locations":[{"start":{"line":15,"column":4},"end":{"line":17,"column":5}},{"start":{},"end":{}}],"line":15},"1":{"loc":{"start":{"line":19,"column":4},"end":{"line":21,"column":5}},"type":"if","locations":[{"start":{"line":19,"column":4},"end":{"line":21,"column":5}},{"start":{},"end":{}}],"line":19},"2":{"loc":{"start":{"line":29,"column":4},"end":{"line":31,"column":5}},"type":"if","locations":[{"start":{"line":29,"column":4},"end":{"line":31,"column":5}},{"start":{},"end":{}}],"line":29},"3":{"loc":{"start":{"line":35,"column":4},"end":{"line":37,"column":5}},"type":"if","locations":[{"start":{"line":35,"column":4},"end":{"line":37,"column":5}},{"start":{},"end":{}}],"line":35}},"s":{"0":6,"1":6,"2":6,"3":6,"4":6,"5":6,"6":5,"7":5,"8":1,"9":4,"10":1,"11":3,"12":3,"13":1,"14":2,"15":2,"16":1,"17":2,"18":2,"19":2,"20":2,"21":2,"22":1,"23":6},"f":{"0":5},"b":{"0":[1,4],"1":[1,3],"2":[1,2],"3":[1,1]},"_coverageSchema":"1a1c01bbd47fc00a2c39e90264f33305004495a9","hash":"951aaba0ba93b812794f93e05697f7a5f1207485"}
,"C:\\Users\\Micro\\Desktop\\SEC (Sistema de Estoque  - Confeitaria\\src\\BACKEND\\API_CONFEITARIA\\controllers\\OrderController.js": {"path":"C:\\Users\\Micro\\Desktop\\SEC (Sistema de Estoque  - Confeitaria\\src\\BACKEND\\API_CONFEITARIA\\controllers\\OrderController.js","statementMap":{"0":{"start":{"line":1,"column":54},"end":{"line":1,"column":79}},"1":{"start":{"line":2,"column":15},"end":{"line":2,"column":33}},"2":{"start":{"line":3,"column":23},"end":{"line":3,"column":38}},"3":{"start":{"line":4,"column":22},"end":{"line":4,"column":54}},"4":{"start":{"line":8,"column":55},"end":{"line":8,"column":63}},"5":{"start":{"line":9,"column":23},"end":{"line":9,"column":47}},"6":{"start":{"line":11,"column":4},"end":{"line":241,"column":5}},"7":{"start":{"line":12,"column":6},"end":{"line":22,"column":7}},"8":{"start":{"line":19,"column":8},"end":{"line":21,"column":11}},"9":{"start":{"line":24,"column":35},"end":{"line":24,"column":60}},"10":{"start":{"line":26,"column":29},"end":{"line":26,"column":30}},"11":{"start":{"line":27,"column":33},"end":{"line":27,"column":35}},"12":{"start":{"line":28,"column":48},"end":{"line":28,"column":57}},"13":{"start":{"line":30,"column":6},"end":{"line":97,"column":7}},"14":{"start":{"line":31,"column":35},"end":{"line":31,"column":45}},"15":{"start":{"line":33,"column":8},"end":{"line":37,"column":9}},"16":{"start":{"line":34,"column":10},"end":{"line":36,"column":13}},"17":{"start":{"line":39,"column":24},"end":{"line":48,"column":10}},"18":{"start":{"line":50,"column":8},"end":{"line":54,"column":9}},"19":{"start":{"line":51,"column":10},"end":{"line":53,"column":74}},"20":{"start":{"line":55,"column":8},"end":{"line":59,"column":9}},"21":{"start":{"line":56,"column":10},"end":{"line":58,"column":13}},"22":{"start":{"line":61,"column":8},"end":{"line":61,"column":58}},"23":{"start":{"line":62,"column":8},"end":{"line":62,"column":76}},"24":{"start":{"line":64,"column":8},"end":{"line":96,"column":9}},"25":{"start":{"line":65,"column":37},"end":{"line":65,"column":69}},"26":{"start":{"line":66,"column":32},"end":{"line":66,"column":53}},"27":{"start":{"line":69,"column":12},"end":{"line":69,"column":48}},"28":{"start":{"line":71,"column":12},"end":{"line":71,"column":51}},"29":{"start":{"line":73,"column":10},"end":{"line":83,"column":11}},"30":{"start":{"line":74,"column":12},"end":{"line":82,"column":15}},"31":{"start":{"line":85,"column":12},"end":{"line":85,"column":64}},"32":{"start":{"line":87,"column":10},"end":{"line":95,"column":11}},"33":{"start":{"line":89,"column":12},"end":{"line":90,"column":50}},"34":{"start":{"line":93,"column":12},"end":{"line":94,"column":53}},"35":{"start":{"line":99,"column":23},"end":{"line":99,"column":25}},"36":{"start":{"line":100,"column":6},"end":{"line":148,"column":7}},"37":{"start":{"line":112,"column":12},"end":{"line":112,"column":27}},"38":{"start":{"line":114,"column":8},"end":{"line":147,"column":9}},"39":{"start":{"line":115,"column":10},"end":{"line":123,"column":11}},"40":{"start":{"line":116,"column":12},"end":{"line":122,"column":15}},"41":{"start":{"line":127,"column":46},"end":{"line":130,"column":11}},"42":{"start":{"line":132,"column":12},"end":{"line":133,"column":46}},"43":{"start":{"line":135,"column":10},"end":{"line":146,"column":11}},"44":{"start":{"line":137,"column":12},"end":{"line":145,"column":15}},"45":{"start":{"line":150,"column":6},"end":{"line":155,"column":7}},"46":{"start":{"line":151,"column":8},"end":{"line":154,"column":11}},"47":{"start":{"line":157,"column":23},"end":{"line":157,"column":31}},"48":{"start":{"line":158,"column":25},"end":{"line":158,"column":27}},"49":{"start":{"line":160,"column":6},"end":{"line":201,"column":7}},"50":{"start":{"line":169,"column":12},"end":{"line":169,"column":27}},"51":{"start":{"line":171,"column":8},"end":{"line":200,"column":9}},"52":{"start":{"line":172,"column":10},"end":{"line":179,"column":12}},"53":{"start":{"line":183,"column":46},"end":{"line":186,"column":11}},"54":{"start":{"line":189,"column":12},"end":{"line":190,"column":46}},"55":{"start":{"line":192,"column":10},"end":{"line":199,"column":12}},"56":{"start":{"line":203,"column":6},"end":{"line":214,"column":8}},"57":{"start":{"line":216,"column":6},"end":{"line":226,"column":7}},"58":{"start":{"line":217,"column":8},"end":{"line":225,"column":10}},"59":{"start":{"line":228,"column":6},"end":{"line":228,"column":44}},"60":{"start":{"line":230,"column":6},"end":{"line":234,"column":9}},"61":{"start":{"line":236,"column":6},"end":{"line":236,"column":54}},"62":{"start":{"line":237,"column":6},"end":{"line":240,"column":9}},"63":{"start":{"line":245,"column":4},"end":{"line":291,"column":5}},"64":{"start":{"line":246,"column":30},"end":{"line":246,"column":39}},"65":{"start":{"line":249,"column":6},"end":{"line":281,"column":7}},"66":{"start":{"line":250,"column":30},"end":{"line":250,"column":55}},"67":{"start":{"line":251,"column":8},"end":{"line":264,"column":11}},"68":{"start":{"line":266,"column":8},"end":{"line":270,"column":9}},"69":{"start":{"line":267,"column":10},"end":{"line":269,"column":74}},"70":{"start":{"line":272,"column":8},"end":{"line":280,"column":11}},"71":{"start":{"line":283,"column":6},"end":{"line":285,"column":64}},"72":{"start":{"line":287,"column":6},"end":{"line":287,"column":54}},"73":{"start":{"line":288,"column":6},"end":{"line":290,"column":71}},"74":{"start":{"line":295,"column":4},"end":{"line":319,"column":5}},"75":{"start":{"line":296,"column":21},"end":{"line":296,"column":31}},"76":{"start":{"line":298,"column":21},"end":{"line":307,"column":8}},"77":{"start":{"line":309,"column":6},"end":{"line":311,"column":7}},"78":{"start":{"line":310,"column":8},"end":{"line":310,"column":71}},"79":{"start":{"line":313,"column":6},"end":{"line":313,"column":73}},"80":{"start":{"line":315,"column":6},"end":{"line":315,"column":60}},"81":{"start":{"line":316,"column":6},"end":{"line":318,"column":72}},"82":{"start":{"line":323,"column":19},"end":{"line":323,"column":29}},"83":{"start":{"line":324,"column":53},"end":{"line":324,"column":61}},"84":{"start":{"line":326,"column":4},"end":{"line":583,"column":5}},"85":{"start":{"line":327,"column":30},"end":{"line":344,"column":8}},"86":{"start":{"line":346,"column":6},"end":{"line":348,"column":7}},"87":{"start":{"line":347,"column":8},"end":{"line":347,"column":73}},"88":{"start":{"line":350,"column":6},"end":{"line":354,"column":7}},"89":{"start":{"line":351,"column":8},"end":{"line":353,"column":11}},"90":{"start":{"line":356,"column":25},"end":{"line":356,"column":27}},"91":{"start":{"line":358,"column":6},"end":{"line":395,"column":7}},"92":{"start":{"line":359,"column":35},"end":{"line":359,"column":48}},"93":{"start":{"line":360,"column":38},"end":{"line":360,"column":48}},"94":{"start":{"line":362,"column":8},"end":{"line":394,"column":9}},"95":{"start":{"line":363,"column":37},"end":{"line":363,"column":67}},"96":{"start":{"line":364,"column":32},"end":{"line":364,"column":53}},"97":{"start":{"line":366,"column":37},"end":{"line":366,"column":38}},"98":{"start":{"line":368,"column":10},"end":{"line":382,"column":11}},"99":{"start":{"line":369,"column":12},"end":{"line":370,"column":72}},"100":{"start":{"line":374,"column":14},"end":{"line":374,"column":74}},"101":{"start":{"line":375,"column":48},"end":{"line":378,"column":13}},"102":{"start":{"line":380,"column":12},"end":{"line":381,"column":77}},"103":{"start":{"line":385,"column":10},"end":{"line":393,"column":12}},"104":{"start":{"line":397,"column":6},"end":{"line":401,"column":8}},"105":{"start":{"line":403,"column":33},"end":{"line":403,"column":34}},"106":{"start":{"line":404,"column":48},"end":{"line":404,"column":57}},"107":{"start":{"line":406,"column":6},"end":{"line":490,"column":7}},"108":{"start":{"line":407,"column":42},"end":{"line":407,"column":53}},"109":{"start":{"line":409,"column":8},"end":{"line":413,"column":9}},"110":{"start":{"line":410,"column":10},"end":{"line":412,"column":13}},"111":{"start":{"line":415,"column":24},"end":{"line":424,"column":10}},"112":{"start":{"line":426,"column":8},"end":{"line":430,"column":9}},"113":{"start":{"line":427,"column":10},"end":{"line":429,"column":69}},"114":{"start":{"line":431,"column":8},"end":{"line":435,"column":9}},"115":{"start":{"line":432,"column":10},"end":{"line":434,"column":13}},"116":{"start":{"line":437,"column":8},"end":{"line":437,"column":69}},"117":{"start":{"line":439,"column":8},"end":{"line":479,"column":9}},"118":{"start":{"line":440,"column":37},"end":{"line":440,"column":69}},"119":{"start":{"line":441,"column":32},"end":{"line":441,"column":53}},"120":{"start":{"line":443,"column":45},"end":{"line":443,"column":46}},"121":{"start":{"line":445,"column":10},"end":{"line":458,"column":11}},"122":{"start":{"line":446,"column":12},"end":{"line":447,"column":66}},"123":{"start":{"line":450,"column":14},"end":{"line":450,"column":68}},"124":{"start":{"line":451,"column":48},"end":{"line":454,"column":13}},"125":{"start":{"line":455,"column":12},"end":{"line":457,"column":49}},"126":{"start":{"line":460,"column":10},"end":{"line":468,"column":11}},"127":{"start":{"line":461,"column":12},"end":{"line":467,"column":15}},"128":{"start":{"line":470,"column":12},"end":{"line":470,"column":64}},"129":{"start":{"line":471,"column":10},"end":{"line":472,"column":41}},"130":{"start":{"line":474,"column":10},"end":{"line":478,"column":71}},"131":{"start":{"line":481,"column":8},"end":{"line":489,"column":10}},"132":{"start":{"line":492,"column":23},"end":{"line":492,"column":25}},"133":{"start":{"line":493,"column":6},"end":{"line":549,"column":7}},"134":{"start":{"line":498,"column":10},"end":{"line":500,"column":12}},"135":{"start":{"line":502,"column":8},"end":{"line":506,"column":9}},"136":{"start":{"line":503,"column":10},"end":{"line":505,"column":13}},"137":{"start":{"line":514,"column":12},"end":{"line":514,"column":27}},"138":{"start":{"line":516,"column":8},"end":{"line":548,"column":9}},"139":{"start":{"line":520,"column":10},"end":{"line":537,"column":13}},"140":{"start":{"line":539,"column":10},"end":{"line":547,"column":12}},"141":{"start":{"line":551,"column":6},"end":{"line":556,"column":7}},"142":{"start":{"line":552,"column":8},"end":{"line":555,"column":11}},"143":{"start":{"line":558,"column":6},"end":{"line":568,"column":8}},"144":{"start":{"line":570,"column":6},"end":{"line":570,"column":44}},"145":{"start":{"line":572,"column":6},"end":{"line":576,"column":9}},"146":{"start":{"line":578,"column":6},"end":{"line":578,"column":56}},"147":{"start":{"line":579,"column":6},"end":{"line":582,"column":9}},"148":{"start":{"line":587,"column":19},"end":{"line":587,"column":29}},"149":{"start":{"line":588,"column":27},"end":{"line":588,"column":35}},"150":{"start":{"line":589,"column":23},"end":{"line":589,"column":31}},"151":{"start":{"line":591,"column":4},"end":{"line":736,"column":5}},"152":{"start":{"line":592,"column":27},"end":{"line":595,"column":8}},"153":{"start":{"line":597,"column":6},"end":{"line":599,"column":7}},"154":{"start":{"line":598,"column":8},"end":{"line":598,"column":72}},"155":{"start":{"line":601,"column":6},"end":{"line":605,"column":7}},"156":{"start":{"line":602,"column":8},"end":{"line":604,"column":11}},"157":{"start":{"line":607,"column":6},"end":{"line":611,"column":7}},"158":{"start":{"line":608,"column":8},"end":{"line":610,"column":11}},"159":{"start":{"line":613,"column":6},"end":{"line":620,"column":7}},"160":{"start":{"line":617,"column":8},"end":{"line":619,"column":75}},"161":{"start":{"line":622,"column":6},"end":{"line":624,"column":7}},"162":{"start":{"line":623,"column":8},"end":{"line":623,"column":67}},"163":{"start":{"line":626,"column":25},"end":{"line":626,"column":27}},"164":{"start":{"line":628,"column":6},"end":{"line":706,"column":7}},"165":{"start":{"line":629,"column":31},"end":{"line":646,"column":10}},"166":{"start":{"line":648,"column":8},"end":{"line":650,"column":9}},"167":{"start":{"line":649,"column":10},"end":{"line":649,"column":74}},"168":{"start":{"line":652,"column":8},"end":{"line":705,"column":9}},"169":{"start":{"line":653,"column":45},"end":{"line":653,"column":69}},"170":{"start":{"line":654,"column":40},"end":{"line":654,"column":74}},"171":{"start":{"line":656,"column":10},"end":{"line":704,"column":11}},"172":{"start":{"line":657,"column":39},"end":{"line":657,"column":65}},"173":{"start":{"line":658,"column":39},"end":{"line":658,"column":40}},"174":{"start":{"line":663,"column":12},"end":{"line":688,"column":13}},"175":{"start":{"line":664,"column":14},"end":{"line":666,"column":43}},"176":{"start":{"line":669,"column":16},"end":{"line":670,"column":42}},"177":{"start":{"line":671,"column":50},"end":{"line":676,"column":15}},"178":{"start":{"line":678,"column":14},"end":{"line":685,"column":15}},"179":{"start":{"line":682,"column":16},"end":{"line":684,"column":18}},"180":{"start":{"line":686,"column":14},"end":{"line":687,"column":68}},"181":{"start":{"line":690,"column":12},"end":{"line":694,"column":13}},"182":{"start":{"line":691,"column":14},"end":{"line":693,"column":16}},"183":{"start":{"line":696,"column":12},"end":{"line":703,"column":14}},"184":{"start":{"line":708,"column":6},"end":{"line":713,"column":8}},"185":{"start":{"line":715,"column":6},"end":{"line":715,"column":44}},"186":{"start":{"line":717,"column":6},"end":{"line":721,"column":9}},"187":{"start":{"line":723,"column":6},"end":{"line":723,"column":66}},"188":{"start":{"line":724,"column":6},"end":{"line":726,"column":7}},"189":{"start":{"line":725,"column":8},"end":{"line":725,"column":62}},"190":{"start":{"line":729,"column":6},"end":{"line":731,"column":7}},"191":{"start":{"line":730,"column":8},"end":{"line":730,"column":62}},"192":{"start":{"line":733,"column":6},"end":{"line":735,"column":9}},"193":{"start":{"line":740,"column":19},"end":{"line":740,"column":29}},"194":{"start":{"line":742,"column":4},"end":{"line":825,"column":5}},"195":{"start":{"line":743,"column":30},"end":{"line":760,"column":8}},"196":{"start":{"line":762,"column":6},"end":{"line":764,"column":7}},"197":{"start":{"line":763,"column":8},"end":{"line":763,"column":71}},"198":{"start":{"line":766,"column":25},"end":{"line":766,"column":27}},"199":{"start":{"line":768,"column":6},"end":{"line":802,"column":7}},"200":{"start":{"line":769,"column":24},"end":{"line":769,"column":45}},"201":{"start":{"line":770,"column":35},"end":{"line":770,"column":59}},"202":{"start":{"line":772,"column":8},"end":{"line":801,"column":9}},"203":{"start":{"line":773,"column":37},"end":{"line":773,"column":60}},"204":{"start":{"line":774,"column":32},"end":{"line":774,"column":53}},"205":{"start":{"line":776,"column":37},"end":{"line":776,"column":38}},"206":{"start":{"line":778,"column":10},"end":{"line":791,"column":11}},"207":{"start":{"line":779,"column":12},"end":{"line":780,"column":65}},"208":{"start":{"line":782,"column":43},"end":{"line":782,"column":73}},"209":{"start":{"line":783,"column":48},"end":{"line":786,"column":13}},"210":{"start":{"line":788,"column":12},"end":{"line":790,"column":49}},"211":{"start":{"line":793,"column":10},"end":{"line":800,"column":12}},"212":{"start":{"line":804,"column":6},"end":{"line":808,"column":8}},"213":{"start":{"line":810,"column":6},"end":{"line":814,"column":8}},"214":{"start":{"line":816,"column":6},"end":{"line":816,"column":44}},"215":{"start":{"line":818,"column":6},"end":{"line":818,"column":29}},"216":{"start":{"line":820,"column":6},"end":{"line":820,"column":56}},"217":{"start":{"line":821,"column":6},"end":{"line":824,"column":9}},"218":{"start":{"line":829,"column":0},"end":{"line":829,"column":33}}},"fnMap":{"0":{"name":"(anonymous_0)","decl":{"start":{"line":7,"column":2},"end":{"line":7,"column":3}},"loc":{"start":{"line":7,"column":37},"end":{"line":242,"column":3}},"line":7},"1":{"name":"(anonymous_1)","decl":{"start":{"line":244,"column":2},"end":{"line":244,"column":3}},"loc":{"start":{"line":244,"column":35},"end":{"line":292,"column":3}},"line":244},"2":{"name":"(anonymous_2)","decl":{"start":{"line":294,"column":2},"end":{"line":294,"column":3}},"loc":{"start":{"line":294,"column":38},"end":{"line":320,"column":3}},"line":294},"3":{"name":"(anonymous_3)","decl":{"start":{"line":322,"column":2},"end":{"line":322,"column":3}},"loc":{"start":{"line":322,"column":37},"end":{"line":584,"column":3}},"line":322},"4":{"name":"(anonymous_4)","decl":{"start":{"line":586,"column":2},"end":{"line":586,"column":3}},"loc":{"start":{"line":586,"column":43},"end":{"line":737,"column":3}},"line":586},"5":{"name":"(anonymous_5)","decl":{"start":{"line":739,"column":2},"end":{"line":739,"column":3}},"loc":{"start":{"line":739,"column":37},"end":{"line":826,"column":3}},"line":739}},"branchMap":{"0":{"loc":{"start":{"line":12,"column":6},"end":{"line":22,"column":7}},"type":"if","locations":[{"start":{"line":12,"column":6},"end":{"line":22,"column":7}},{"start":{},"end":{}}],"line":12},"1":{"loc":{"start":{"line":13,"column":8},"end":{"line":17,"column":29}},"type":"binary-expr","locations":[{"start":{"line":13,"column":8},"end":{"line":13,"column":20}},{"start":{"line":14,"column":8},"end":{"line":14,"column":17}},{"start":{"line":15,"column":8},"end":{"line":15,"column":24}},{"start":{"line":16,"column":8},"end":{"line":16,"column":32}},{"start":{"line":17,"column":8},"end":{"line":17,"column":29}}],"line":13},"2":{"loc":{"start":{"line":33,"column":8},"end":{"line":37,"column":9}},"type":"if","locations":[{"start":{"line":33,"column":8},"end":{"line":37,"column":9}},{"start":{},"end":{}}],"line":33},"3":{"loc":{"start":{"line":33,"column":12},"end":{"line":33,"column":42}},"type":"binary-expr","locations":[{"start":{"line":33,"column":12},"end":{"line":33,"column":22}},{"start":{"line":33,"column":26},"end":{"line":33,"column":30}},{"start":{"line":33,"column":34},"end":{"line":33,"column":42}}],"line":33},"4":{"loc":{"start":{"line":50,"column":8},"end":{"line":54,"column":9}},"type":"if","locations":[{"start":{"line":50,"column":8},"end":{"line":54,"column":9}},{"start":{},"end":{}}],"line":50},"5":{"loc":{"start":{"line":55,"column":8},"end":{"line":59,"column":9}},"type":"if","locations":[{"start":{"line":55,"column":8},"end":{"line":59,"column":9}},{"start":{},"end":{}}],"line":55},"6":{"loc":{"start":{"line":69,"column":12},"end":{"line":69,"column":48}},"type":"binary-expr","locations":[{"start":{"line":69,"column":12},"end":{"line":69,"column":43}},{"start":{"line":69,"column":47},"end":{"line":69,"column":48}}],"line":69},"7":{"loc":{"start":{"line":71,"column":12},"end":{"line":71,"column":51}},"type":"binary-expr","locations":[{"start":{"line":71,"column":12},"end":{"line":71,"column":46}},{"start":{"line":71,"column":50},"end":{"line":71,"column":51}}],"line":71},"8":{"loc":{"start":{"line":73,"column":10},"end":{"line":83,"column":11}},"type":"if","locations":[{"start":{"line":73,"column":10},"end":{"line":83,"column":11}},{"start":{},"end":{}}],"line":73},"9":{"loc":{"start":{"line":87,"column":10},"end":{"line":95,"column":11}},"type":"if","locations":[{"start":{"line":87,"column":10},"end":{"line":95,"column":11}},{"start":{"line":91,"column":17},"end":{"line":95,"column":11}}],"line":87},"10":{"loc":{"start":{"line":114,"column":8},"end":{"line":147,"column":9}},"type":"if","locations":[{"start":{"line":114,"column":8},"end":{"line":147,"column":9}},{"start":{"line":124,"column":15},"end":{"line":147,"column":9}}],"line":114},"11":{"loc":{"start":{"line":115,"column":10},"end":{"line":123,"column":11}},"type":"if","locations":[{"start":{"line":115,"column":10},"end":{"line":123,"column":11}},{"start":{},"end":{}}],"line":115},"12":{"loc":{"start":{"line":133,"column":13},"end":{"line":133,"column":45}},"type":"binary-expr","locations":[{"start":{"line":133,"column":13},"end":{"line":133,"column":40}},{"start":{"line":133,"column":44},"end":{"line":133,"column":45}}],"line":133},"13":{"loc":{"start":{"line":135,"column":10},"end":{"line":146,"column":11}},"type":"if","locations":[{"start":{"line":135,"column":10},"end":{"line":146,"column":11}},{"start":{},"end":{}}],"line":135},"14":{"loc":{"start":{"line":150,"column":6},"end":{"line":155,"column":7}},"type":"if","locations":[{"start":{"line":150,"column":6},"end":{"line":155,"column":7}},{"start":{},"end":{}}],"line":150},"15":{"loc":{"start":{"line":171,"column":8},"end":{"line":200,"column":9}},"type":"if","locations":[{"start":{"line":171,"column":8},"end":{"line":200,"column":9}},{"start":{"line":180,"column":15},"end":{"line":200,"column":9}}],"line":171},"16":{"loc":{"start":{"line":190,"column":13},"end":{"line":190,"column":45}},"type":"binary-expr","locations":[{"start":{"line":190,"column":13},"end":{"line":190,"column":40}},{"start":{"line":190,"column":44},"end":{"line":190,"column":45}}],"line":190},"17":{"loc":{"start":{"line":249,"column":6},"end":{"line":281,"column":7}},"type":"if","locations":[{"start":{"line":249,"column":6},"end":{"line":281,"column":7}},{"start":{"line":271,"column":13},"end":{"line":281,"column":7}}],"line":249},"18":{"loc":{"start":{"line":249,"column":10},"end":{"line":249,"column":50}},"type":"binary-expr","locations":[{"start":{"line":249,"column":10},"end":{"line":249,"column":21}},{"start":{"line":249,"column":25},"end":{"line":249,"column":50}}],"line":249},"19":{"loc":{"start":{"line":266,"column":8},"end":{"line":270,"column":9}},"type":"if","locations":[{"start":{"line":266,"column":8},"end":{"line":270,"column":9}},{"start":{},"end":{}}],"line":266},"20":{"loc":{"start":{"line":309,"column":6},"end":{"line":311,"column":7}},"type":"if","locations":[{"start":{"line":309,"column":6},"end":{"line":311,"column":7}},{"start":{},"end":{}}],"line":309},"21":{"loc":{"start":{"line":346,"column":6},"end":{"line":348,"column":7}},"type":"if","locations":[{"start":{"line":346,"column":6},"end":{"line":348,"column":7}},{"start":{},"end":{}}],"line":346},"22":{"loc":{"start":{"line":350,"column":6},"end":{"line":354,"column":7}},"type":"if","locations":[{"start":{"line":350,"column":6},"end":{"line":354,"column":7}},{"start":{},"end":{}}],"line":350},"23":{"loc":{"start":{"line":368,"column":10},"end":{"line":382,"column":11}},"type":"if","locations":[{"start":{"line":368,"column":10},"end":{"line":382,"column":11}},{"start":{"line":371,"column":17},"end":{"line":382,"column":11}}],"line":368},"24":{"loc":{"start":{"line":370,"column":15},"end":{"line":370,"column":49}},"type":"binary-expr","locations":[{"start":{"line":370,"column":15},"end":{"line":370,"column":44}},{"start":{"line":370,"column":48},"end":{"line":370,"column":49}}],"line":370},"25":{"loc":{"start":{"line":374,"column":15},"end":{"line":374,"column":52}},"type":"binary-expr","locations":[{"start":{"line":374,"column":15},"end":{"line":374,"column":47}},{"start":{"line":374,"column":51},"end":{"line":374,"column":52}}],"line":374},"26":{"loc":{"start":{"line":381,"column":43},"end":{"line":381,"column":75}},"type":"binary-expr","locations":[{"start":{"line":381,"column":43},"end":{"line":381,"column":70}},{"start":{"line":381,"column":74},"end":{"line":381,"column":75}}],"line":381},"27":{"loc":{"start":{"line":409,"column":8},"end":{"line":413,"column":9}},"type":"if","locations":[{"start":{"line":409,"column":8},"end":{"line":413,"column":9}},{"start":{},"end":{}}],"line":409},"28":{"loc":{"start":{"line":409,"column":12},"end":{"line":409,"column":56}},"type":"binary-expr","locations":[{"start":{"line":409,"column":12},"end":{"line":409,"column":22}},{"start":{"line":409,"column":26},"end":{"line":409,"column":37}},{"start":{"line":409,"column":41},"end":{"line":409,"column":56}}],"line":409},"29":{"loc":{"start":{"line":426,"column":8},"end":{"line":430,"column":9}},"type":"if","locations":[{"start":{"line":426,"column":8},"end":{"line":430,"column":9}},{"start":{},"end":{}}],"line":426},"30":{"loc":{"start":{"line":431,"column":8},"end":{"line":435,"column":9}},"type":"if","locations":[{"start":{"line":431,"column":8},"end":{"line":435,"column":9}},{"start":{},"end":{}}],"line":431},"31":{"loc":{"start":{"line":445,"column":10},"end":{"line":458,"column":11}},"type":"if","locations":[{"start":{"line":445,"column":10},"end":{"line":458,"column":11}},{"start":{"line":448,"column":17},"end":{"line":458,"column":11}}],"line":445},"32":{"loc":{"start":{"line":447,"column":15},"end":{"line":447,"column":51}},"type":"binary-expr","locations":[{"start":{"line":447,"column":15},"end":{"line":447,"column":46}},{"start":{"line":447,"column":50},"end":{"line":447,"column":51}}],"line":447},"33":{"loc":{"start":{"line":450,"column":15},"end":{"line":450,"column":54}},"type":"binary-expr","locations":[{"start":{"line":450,"column":15},"end":{"line":450,"column":49}},{"start":{"line":450,"column":53},"end":{"line":450,"column":54}}],"line":450},"34":{"loc":{"start":{"line":457,"column":15},"end":{"line":457,"column":47}},"type":"binary-expr","locations":[{"start":{"line":457,"column":15},"end":{"line":457,"column":42}},{"start":{"line":457,"column":46},"end":{"line":457,"column":47}}],"line":457},"35":{"loc":{"start":{"line":460,"column":10},"end":{"line":468,"column":11}},"type":"if","locations":[{"start":{"line":460,"column":10},"end":{"line":468,"column":11}},{"start":{},"end":{}}],"line":460},"36":{"loc":{"start":{"line":475,"column":12},"end":{"line":478,"column":70}},"type":"cond-expr","locations":[{"start":{"line":476,"column":16},"end":{"line":477,"column":56}},{"start":{"line":478,"column":16},"end":{"line":478,"column":70}}],"line":475},"37":{"loc":{"start":{"line":477,"column":17},"end":{"line":477,"column":55}},"type":"binary-expr","locations":[{"start":{"line":477,"column":17},"end":{"line":477,"column":50}},{"start":{"line":477,"column":54},"end":{"line":477,"column":55}}],"line":477},"38":{"loc":{"start":{"line":478,"column":17},"end":{"line":478,"column":56}},"type":"binary-expr","locations":[{"start":{"line":478,"column":17},"end":{"line":478,"column":51}},{"start":{"line":478,"column":55},"end":{"line":478,"column":56}}],"line":478},"39":{"loc":{"start":{"line":502,"column":8},"end":{"line":506,"column":9}},"type":"if","locations":[{"start":{"line":502,"column":8},"end":{"line":506,"column":9}},{"start":{},"end":{}}],"line":502},"40":{"loc":{"start":{"line":516,"column":8},"end":{"line":548,"column":9}},"type":"if","locations":[{"start":{"line":516,"column":8},"end":{"line":548,"column":9}},{"start":{"line":538,"column":15},"end":{"line":548,"column":9}}],"line":516},"41":{"loc":{"start":{"line":524,"column":14},"end":{"line":526,"column":54}},"type":"cond-expr","locations":[{"start":{"line":525,"column":18},"end":{"line":525,"column":48}},{"start":{"line":526,"column":18},"end":{"line":526,"column":54}}],"line":524},"42":{"loc":{"start":{"line":528,"column":14},"end":{"line":530,"column":59}},"type":"cond-expr","locations":[{"start":{"line":529,"column":18},"end":{"line":529,"column":57}},{"start":{"line":530,"column":18},"end":{"line":530,"column":59}}],"line":528},"43":{"loc":{"start":{"line":532,"column":14},"end":{"line":536,"column":59}},"type":"cond-expr","locations":[{"start":{"line":533,"column":18},"end":{"line":534,"column":57}},{"start":{"line":535,"column":18},"end":{"line":536,"column":59}}],"line":532},"44":{"loc":{"start":{"line":551,"column":6},"end":{"line":556,"column":7}},"type":"if","locations":[{"start":{"line":551,"column":6},"end":{"line":556,"column":7}},{"start":{},"end":{}}],"line":551},"45":{"loc":{"start":{"line":562,"column":25},"end":{"line":564,"column":43}},"type":"cond-expr","locations":[{"start":{"line":563,"column":16},"end":{"line":563,"column":41}},{"start":{"line":564,"column":16},"end":{"line":564,"column":43}}],"line":562},"46":{"loc":{"start":{"line":597,"column":6},"end":{"line":599,"column":7}},"type":"if","locations":[{"start":{"line":597,"column":6},"end":{"line":599,"column":7}},{"start":{},"end":{}}],"line":597},"47":{"loc":{"start":{"line":601,"column":6},"end":{"line":605,"column":7}},"type":"if","locations":[{"start":{"line":601,"column":6},"end":{"line":605,"column":7}},{"start":{},"end":{}}],"line":601},"48":{"loc":{"start":{"line":607,"column":6},"end":{"line":611,"column":7}},"type":"if","locations":[{"start":{"line":607,"column":6},"end":{"line":611,"column":7}},{"start":{},"end":{}}],"line":607},"49":{"loc":{"start":{"line":613,"column":6},"end":{"line":620,"column":7}},"type":"if","locations":[{"start":{"line":613,"column":6},"end":{"line":620,"column":7}},{"start":{},"end":{}}],"line":613},"50":{"loc":{"start":{"line":614,"column":8},"end":{"line":615,"column":45}},"type":"binary-expr","locations":[{"start":{"line":614,"column":8},"end":{"line":614,"column":38}},{"start":{"line":615,"column":8},"end":{"line":615,"column":45}}],"line":614},"51":{"loc":{"start":{"line":622,"column":6},"end":{"line":624,"column":7}},"type":"if","locations":[{"start":{"line":622,"column":6},"end":{"line":624,"column":7}},{"start":{},"end":{}}],"line":622},"52":{"loc":{"start":{"line":628,"column":6},"end":{"line":706,"column":7}},"type":"if","locations":[{"start":{"line":628,"column":6},"end":{"line":706,"column":7}},{"start":{},"end":{}}],"line":628},"53":{"loc":{"start":{"line":648,"column":8},"end":{"line":650,"column":9}},"type":"if","locations":[{"start":{"line":648,"column":8},"end":{"line":650,"column":9}},{"start":{},"end":{}}],"line":648},"54":{"loc":{"start":{"line":663,"column":12},"end":{"line":688,"column":13}},"type":"if","locations":[{"start":{"line":663,"column":12},"end":{"line":688,"column":13}},{"start":{"line":667,"column":19},"end":{"line":688,"column":13}}],"line":663},"55":{"loc":{"start":{"line":665,"column":27},"end":{"line":665,"column":57}},"type":"binary-expr","locations":[{"start":{"line":665,"column":27},"end":{"line":665,"column":52}},{"start":{"line":665,"column":56},"end":{"line":665,"column":57}}],"line":665},"56":{"loc":{"start":{"line":669,"column":27},"end":{"line":669,"column":60}},"type":"binary-expr","locations":[{"start":{"line":669,"column":27},"end":{"line":669,"column":55}},{"start":{"line":669,"column":59},"end":{"line":669,"column":60}}],"line":669},"57":{"loc":{"start":{"line":678,"column":14},"end":{"line":685,"column":15}},"type":"if","locations":[{"start":{"line":678,"column":14},"end":{"line":685,"column":15}},{"start":{},"end":{}}],"line":678},"58":{"loc":{"start":{"line":679,"column":16},"end":{"line":680,"column":50}},"type":"binary-expr","locations":[{"start":{"line":679,"column":16},"end":{"line":679,"column":48}},{"start":{"line":680,"column":16},"end":{"line":680,"column":50}}],"line":679},"59":{"loc":{"start":{"line":690,"column":12},"end":{"line":694,"column":13}},"type":"if","locations":[{"start":{"line":690,"column":12},"end":{"line":694,"column":13}},{"start":{},"end":{}}],"line":690},"60":{"loc":{"start":{"line":724,"column":6},"end":{"line":726,"column":7}},"type":"if","locations":[{"start":{"line":724,"column":6},"end":{"line":726,"column":7}},{"start":{},"end":{}}],"line":724},"61":{"loc":{"start":{"line":729,"column":6},"end":{"line":731,"column":7}},"type":"if","locations":[{"start":{"line":729,"column":6},"end":{"line":731,"column":7}},{"start":{},"end":{}}],"line":729},"62":{"loc":{"start":{"line":762,"column":6},"end":{"line":764,"column":7}},"type":"if","locations":[{"start":{"line":762,"column":6},"end":{"line":764,"column":7}},{"start":{},"end":{}}],"line":762},"63":{"loc":{"start":{"line":778,"column":10},"end":{"line":791,"column":11}},"type":"if","locations":[{"start":{"line":778,"column":10},"end":{"line":791,"column":11}},{"start":{"line":781,"column":17},"end":{"line":791,"column":11}}],"line":778},"64":{"loc":{"start":{"line":780,"column":15},"end":{"line":780,"column":42}},"type":"binary-expr","locations":[{"start":{"line":780,"column":15},"end":{"line":780,"column":37}},{"start":{"line":780,"column":41},"end":{"line":780,"column":42}}],"line":780},"65":{"loc":{"start":{"line":782,"column":43},"end":{"line":782,"column":73}},"type":"binary-expr","locations":[{"start":{"line":782,"column":43},"end":{"line":782,"column":68}},{"start":{"line":782,"column":72},"end":{"line":782,"column":73}}],"line":782},"66":{"loc":{"start":{"line":790,"column":15},"end":{"line":790,"column":47}},"type":"binary-expr","locations":[{"start":{"line":790,"column":15},"end":{"line":790,"column":42}},{"start":{"line":790,"column":46},"end":{"line":790,"column":47}}],"line":790}},"s":{"0":6,"1":6,"2":6,"3":6,"4":5,"5":5,"6":5,"7":5,"8":5,"9":0,"10":0,"11":0,"12":0,"13":0,"14":0,"15":0,"16":0,"17":0,"18":0,"19":0,"20":0,"21":0,"22":0,"23":0,"24":0,"25":0,"26":0,"27":0,"28":0,"29":0,"30":0,"31":0,"32":0,"33":0,"34":0,"35":0,"36":0,"37":0,"38":0,"39":0,"40":0,"41":0,"42":0,"43":0,"44":0,"45":0,"46":0,"47":0,"48":0,"49":0,"50":0,"51":0,"52":0,"53":0,"54":0,"55":0,"56":0,"57":0,"58":0,"59":0,"60":0,"61":0,"62":0,"63":1,"64":1,"65":1,"66":0,"67":0,"68":0,"69":0,"70":1,"71":1,"72":0,"73":0,"74":2,"75":2,"76":2,"77":2,"78":2,"79":0,"80":0,"81":0,"82":0,"83":0,"84":0,"85":0,"86":0,"87":0,"88":0,"89":0,"90":0,"91":0,"92":0,"93":0,"94":0,"95":0,"96":0,"97":0,"98":0,"99":0,"100":0,"101":0,"102":0,"103":0,"104":0,"105":0,"106":0,"107":0,"108":0,"109":0,"110":0,"111":0,"112":0,"113":0,"114":0,"115":0,"116":0,"117":0,"118":0,"119":0,"120":0,"121":0,"122":0,"123":0,"124":0,"125":0,"126":0,"127":0,"128":0,"129":0,"130":0,"131":0,"132":0,"133":0,"134":0,"135":0,"136":0,"137":0,"138":0,"139":0,"140":0,"141":0,"142":0,"143":0,"144":0,"145":0,"146":0,"147":0,"148":0,"149":0,"150":0,"151":0,"152":0,"153":0,"154":0,"155":0,"156":0,"157":0,"158":0,"159":0,"160":0,"161":0,"162":0,"163":0,"164":0,"165":0,"166":0,"167":0,"168":0,"169":0,"170":0,"171":0,"172":0,"173":0,"174":0,"175":0,"176":0,"177":0,"178":0,"179":0,"180":0,"181":0,"182":0,"183":0,"184":0,"185":0,"186":0,"187":0,"188":0,"189":0,"190":0,"191":0,"192":0,"193":0,"194":0,"195":0,"196":0,"197":0,"198":0,"199":0,"200":0,"201":0,"202":0,"203":0,"204":0,"205":0,"206":0,"207":0,"208":0,"209":0,"210":0,"211":0,"212":0,"213":0,"214":0,"215":0,"216":0,"217":0,"218":6},"f":{"0":5,"1":1,"2":2,"3":0,"4":0,"5":0},"b":{"0":[5,0],"1":[5,4,4,0,0],"2":[0,0],"3":[0,0,0],"4":[0,0],"5":[0,0],"6":[0,0],"7":[0,0],"8":[0,0],"9":[0,0],"10":[0,0],"11":[0,0],"12":[0,0],"13":[0,0],"14":[0,0],"15":[0,0],"16":[0,0],"17":[0,1],"18":[1,0],"19":[0,0],"20":[2,0],"21":[0,0],"22":[0,0],"23":[0,0],"24":[0,0],"25":[0,0],"26":[0,0],"27":[0,0],"28":[0,0,0],"29":[0,0],"30":[0,0],"31":[0,0],"32":[0,0],"33":[0,0],"34":[0,0],"35":[0,0],"36":[0,0],"37":[0,0],"38":[0,0],"39":[0,0],"40":[0,0],"41":[0,0],"42":[0,0],"43":[0,0],"44":[0,0],"45":[0,0],"46":[0,0],"47":[0,0],"48":[0,0],"49":[0,0],"50":[0,0],"51":[0,0],"52":[0,0],"53":[0,0],"54":[0,0],"55":[0,0],"56":[0,0],"57":[0,0],"58":[0,0],"59":[0,0],"60":[0,0],"61":[0,0],"62":[0,0],"63":[0,0],"64":[0,0],"65":[0,0],"66":[0,0]},"_coverageSchema":"1a1c01bbd47fc00a2c39e90264f33305004495a9","hash":"efd9738d099d44de9117b24ebc73a1ab2b7e0182"}
,"C:\\Users\\Micro\\Desktop\\SEC (Sistema de Estoque  - Confeitaria\\src\\BACKEND\\API_CONFEITARIA\\controllers\\RevenuesController.js": {"path":"C:\\Users\\Micro\\Desktop\\SEC (Sistema de Estoque  - Confeitaria\\src\\BACKEND\\API_CONFEITARIA\\controllers\\RevenuesController.js","statementMap":{"0":{"start":{"line":1,"column":40},"end":{"line":1,"column":65}},"1":{"start":{"line":2,"column":15},"end":{"line":2,"column":33}},"2":{"start":{"line":4,"column":23},"end":{"line":4,"column":38}},"3":{"start":{"line":6,"column":31},"end":{"line":6,"column":69}},"4":{"start":{"line":10,"column":62},"end":{"line":10,"column":70}},"5":{"start":{"line":12,"column":4},"end":{"line":257,"column":5}},"6":{"start":{"line":13,"column":6},"end":{"line":17,"column":7}},"7":{"start":{"line":14,"column":8},"end":{"line":16,"column":80}},"8":{"start":{"line":19,"column":28},"end":{"line":19,"column":46}},"9":{"start":{"line":21,"column":31},"end":{"line":25,"column":8}},"10":{"start":{"line":27,"column":6},"end":{"line":31,"column":7}},"11":{"start":{"line":28,"column":8},"end":{"line":30,"column":67}},"12":{"start":{"line":33,"column":28},"end":{"line":33,"column":29}},"13":{"start":{"line":34,"column":38},"end":{"line":34,"column":40}},"14":{"start":{"line":36,"column":6},"end":{"line":206,"column":7}},"15":{"start":{"line":38,"column":10},"end":{"line":38,"column":28}},"16":{"start":{"line":40,"column":8},"end":{"line":50,"column":9}},"17":{"start":{"line":46,"column":10},"end":{"line":49,"column":13}},"18":{"start":{"line":52,"column":8},"end":{"line":56,"column":9}},"19":{"start":{"line":53,"column":10},"end":{"line":55,"column":13}},"20":{"start":{"line":59,"column":10},"end":{"line":61,"column":12}},"21":{"start":{"line":63,"column":8},"end":{"line":67,"column":9}},"22":{"start":{"line":64,"column":10},"end":{"line":66,"column":13}},"23":{"start":{"line":69,"column":46},"end":{"line":69,"column":47}},"24":{"start":{"line":70,"column":32},"end":{"line":70,"column":64}},"25":{"start":{"line":72,"column":8},"end":{"line":80,"column":9}},"26":{"start":{"line":77,"column":10},"end":{"line":79,"column":13}},"27":{"start":{"line":82,"column":8},"end":{"line":120,"column":9}},"28":{"start":{"line":83,"column":10},"end":{"line":93,"column":11}},"29":{"start":{"line":84,"column":12},"end":{"line":88,"column":14}},"30":{"start":{"line":90,"column":12},"end":{"line":92,"column":15}},"31":{"start":{"line":95,"column":10},"end":{"line":102,"column":11}},"32":{"start":{"line":99,"column":12},"end":{"line":101,"column":15}},"33":{"start":{"line":105,"column":10},"end":{"line":115,"column":11}},"34":{"start":{"line":106,"column":12},"end":{"line":110,"column":14}},"35":{"start":{"line":112,"column":12},"end":{"line":114,"column":15}},"36":{"start":{"line":117,"column":10},"end":{"line":119,"column":46}},"37":{"start":{"line":122,"column":8},"end":{"line":129,"column":9}},"38":{"start":{"line":126,"column":10},"end":{"line":128,"column":13}},"39":{"start":{"line":130,"column":8},"end":{"line":137,"column":9}},"40":{"start":{"line":134,"column":10},"end":{"line":136,"column":13}},"41":{"start":{"line":140,"column":10},"end":{"line":140,"column":69}},"42":{"start":{"line":142,"column":10},"end":{"line":142,"column":66}},"43":{"start":{"line":144,"column":8},"end":{"line":151,"column":9}},"44":{"start":{"line":145,"column":10},"end":{"line":147,"column":12}},"45":{"start":{"line":148,"column":10},"end":{"line":150,"column":13}},"46":{"start":{"line":153,"column":8},"end":{"line":153,"column":48}},"47":{"start":{"line":155,"column":31},"end":{"line":155,"column":35}},"48":{"start":{"line":156,"column":34},"end":{"line":156,"column":38}},"49":{"start":{"line":158,"column":8},"end":{"line":199,"column":9}},"50":{"start":{"line":159,"column":10},"end":{"line":159,"column":45}},"51":{"start":{"line":160,"column":15},"end":{"line":199,"column":9}},"52":{"start":{"line":165,"column":10},"end":{"line":169,"column":12}},"53":{"start":{"line":170,"column":15},"end":{"line":199,"column":9}},"54":{"start":{"line":173,"column":10},"end":{"line":177,"column":12}},"55":{"start":{"line":179,"column":10},"end":{"line":181,"column":12}},"56":{"start":{"line":182,"column":10},"end":{"line":198,"column":11}},"57":{"start":{"line":183,"column":12},"end":{"line":197,"column":13}},"58":{"start":{"line":184,"column":14},"end":{"line":188,"column":16}},"59":{"start":{"line":189,"column":19},"end":{"line":197,"column":13}},"60":{"start":{"line":190,"column":14},"end":{"line":194,"column":16}},"61":{"start":{"line":196,"column":14},"end":{"line":196,"column":52}},"62":{"start":{"line":201,"column":8},"end":{"line":205,"column":11}},"63":{"start":{"line":208,"column":26},"end":{"line":226,"column":8}},"64":{"start":{"line":228,"column":6},"end":{"line":231,"column":9}},"65":{"start":{"line":233,"column":6},"end":{"line":233,"column":53}},"66":{"start":{"line":234,"column":23},"end":{"line":234,"column":26}},"67":{"start":{"line":235,"column":25},"end":{"line":235,"column":69}},"68":{"start":{"line":237,"column":6},"end":{"line":253,"column":7}},"69":{"start":{"line":238,"column":8},"end":{"line":238,"column":25}},"70":{"start":{"line":239,"column":8},"end":{"line":239,"column":37}},"71":{"start":{"line":240,"column":13},"end":{"line":253,"column":7}},"72":{"start":{"line":251,"column":8},"end":{"line":251,"column":25}},"73":{"start":{"line":252,"column":8},"end":{"line":252,"column":37}},"74":{"start":{"line":254,"column":6},"end":{"line":256,"column":64}},"75":{"start":{"line":261,"column":4},"end":{"line":306,"column":5}},"76":{"start":{"line":262,"column":23},"end":{"line":262,"column":32}},"77":{"start":{"line":264,"column":6},"end":{"line":288,"column":7}},"78":{"start":{"line":265,"column":30},"end":{"line":265,"column":48}},"79":{"start":{"line":266,"column":34},"end":{"line":279,"column":10}},"80":{"start":{"line":280,"column":8},"end":{"line":284,"column":9}},"81":{"start":{"line":281,"column":10},"end":{"line":283,"column":72}},"82":{"start":{"line":285,"column":8},"end":{"line":287,"column":79}},"83":{"start":{"line":289,"column":28},"end":{"line":297,"column":8}},"84":{"start":{"line":298,"column":6},"end":{"line":300,"column":69}},"85":{"start":{"line":302,"column":6},"end":{"line":302,"column":55}},"86":{"start":{"line":303,"column":6},"end":{"line":305,"column":72}},"87":{"start":{"line":310,"column":4},"end":{"line":334,"column":5}},"88":{"start":{"line":311,"column":21},"end":{"line":311,"column":31}},"89":{"start":{"line":313,"column":22},"end":{"line":322,"column":8}},"90":{"start":{"line":324,"column":6},"end":{"line":326,"column":7}},"91":{"start":{"line":325,"column":8},"end":{"line":325,"column":72}},"92":{"start":{"line":328,"column":6},"end":{"line":328,"column":75}},"93":{"start":{"line":330,"column":6},"end":{"line":330,"column":61}},"94":{"start":{"line":331,"column":6},"end":{"line":333,"column":73}},"95":{"start":{"line":338,"column":19},"end":{"line":338,"column":29}},"96":{"start":{"line":340,"column":4},"end":{"line":379,"column":5}},"97":{"start":{"line":341,"column":22},"end":{"line":351,"column":8}},"98":{"start":{"line":353,"column":6},"end":{"line":355,"column":7}},"99":{"start":{"line":354,"column":8},"end":{"line":354,"column":72}},"100":{"start":{"line":357,"column":6},"end":{"line":372,"column":7}},"101":{"start":{"line":358,"column":31},"end":{"line":360,"column":9}},"102":{"start":{"line":359,"column":56},"end":{"line":359,"column":67}},"103":{"start":{"line":361,"column":8},"end":{"line":365,"column":11}},"104":{"start":{"line":368,"column":8},"end":{"line":371,"column":11}},"105":{"start":{"line":374,"column":6},"end":{"line":374,"column":76}},"106":{"start":{"line":375,"column":6},"end":{"line":378,"column":9}},"107":{"start":{"line":383,"column":19},"end":{"line":383,"column":29}},"108":{"start":{"line":384,"column":48},"end":{"line":384,"column":56}},"109":{"start":{"line":386,"column":4},"end":{"line":590,"column":5}},"110":{"start":{"line":387,"column":31},"end":{"line":390,"column":8}},"111":{"start":{"line":392,"column":6},"end":{"line":394,"column":7}},"112":{"start":{"line":393,"column":8},"end":{"line":393,"column":72}},"113":{"start":{"line":396,"column":32},"end":{"line":555,"column":8}},"114":{"start":{"line":397,"column":36},"end":{"line":397,"column":38}},"115":{"start":{"line":398,"column":30},"end":{"line":398,"column":31}},"116":{"start":{"line":400,"column":8},"end":{"line":411,"column":9}},"117":{"start":{"line":401,"column":32},"end":{"line":401,"column":50}},"118":{"start":{"line":402,"column":10},"end":{"line":410,"column":11}},"119":{"start":{"line":403,"column":34},"end":{"line":405,"column":14}},"120":{"start":{"line":406,"column":12},"end":{"line":408,"column":13}},"121":{"start":{"line":407,"column":14},"end":{"line":407,"column":70}},"122":{"start":{"line":409,"column":12},"end":{"line":409,"column":53}},"123":{"start":{"line":413,"column":8},"end":{"line":415,"column":9}},"124":{"start":{"line":414,"column":10},"end":{"line":414,"column":54}},"125":{"start":{"line":417,"column":8},"end":{"line":419,"column":9}},"126":{"start":{"line":418,"column":10},"end":{"line":418,"column":76}},"127":{"start":{"line":421,"column":41},"end":{"line":426,"column":9}},"128":{"start":{"line":428,"column":8},"end":{"line":547,"column":9}},"129":{"start":{"line":430,"column":12},"end":{"line":430,"column":16}},"130":{"start":{"line":432,"column":10},"end":{"line":437,"column":11}},"131":{"start":{"line":433,"column":12},"end":{"line":435,"column":14}},"132":{"start":{"line":436,"column":12},"end":{"line":436,"column":21}},"133":{"start":{"line":439,"column":48},"end":{"line":439,"column":49}},"134":{"start":{"line":440,"column":34},"end":{"line":440,"column":59}},"135":{"start":{"line":445,"column":10},"end":{"line":470,"column":11}},"136":{"start":{"line":446,"column":12},"end":{"line":446,"column":49}},"137":{"start":{"line":447,"column":12},"end":{"line":447,"column":52}},"138":{"start":{"line":448,"column":17},"end":{"line":470,"column":11}},"139":{"start":{"line":449,"column":12},"end":{"line":449,"column":52}},"140":{"start":{"line":451,"column":12},"end":{"line":465,"column":13}},"141":{"start":{"line":456,"column":14},"end":{"line":456,"column":53}},"142":{"start":{"line":457,"column":19},"end":{"line":465,"column":13}},"143":{"start":{"line":460,"column":14},"end":{"line":460,"column":54}},"144":{"start":{"line":462,"column":14},"end":{"line":464,"column":16}},"145":{"start":{"line":467,"column":12},"end":{"line":469,"column":14}},"146":{"start":{"line":472,"column":10},"end":{"line":480,"column":11}},"147":{"start":{"line":477,"column":12},"end":{"line":479,"column":14}},"148":{"start":{"line":482,"column":10},"end":{"line":519,"column":11}},"149":{"start":{"line":483,"column":12},"end":{"line":493,"column":13}},"150":{"start":{"line":484,"column":14},"end":{"line":488,"column":16}},"151":{"start":{"line":490,"column":14},"end":{"line":492,"column":16}},"152":{"start":{"line":495,"column":12},"end":{"line":502,"column":13}},"153":{"start":{"line":499,"column":14},"end":{"line":501,"column":16}},"154":{"start":{"line":505,"column":12},"end":{"line":515,"column":13}},"155":{"start":{"line":506,"column":14},"end":{"line":510,"column":16}},"156":{"start":{"line":512,"column":14},"end":{"line":514,"column":16}},"157":{"start":{"line":517,"column":12},"end":{"line":518,"column":77}},"158":{"start":{"line":521,"column":10},"end":{"line":525,"column":11}},"159":{"start":{"line":522,"column":12},"end":{"line":524,"column":14}},"160":{"start":{"line":526,"column":10},"end":{"line":530,"column":11}},"161":{"start":{"line":527,"column":12},"end":{"line":529,"column":14}},"162":{"start":{"line":533,"column":12},"end":{"line":533,"column":57}},"163":{"start":{"line":535,"column":12},"end":{"line":535,"column":68}},"164":{"start":{"line":537,"column":10},"end":{"line":544,"column":11}},"165":{"start":{"line":538,"column":12},"end":{"line":540,"column":14}},"166":{"start":{"line":541,"column":12},"end":{"line":543,"column":14}},"167":{"start":{"line":546,"column":10},"end":{"line":546,"column":50}},"168":{"start":{"line":549,"column":8},"end":{"line":549,"column":62}},"169":{"start":{"line":551,"column":8},"end":{"line":554,"column":11}},"170":{"start":{"line":557,"column":6},"end":{"line":560,"column":9}},"171":{"start":{"line":562,"column":23},"end":{"line":562,"column":26}},"172":{"start":{"line":563,"column":25},"end":{"line":563,"column":75}},"173":{"start":{"line":565,"column":6},"end":{"line":584,"column":7}},"174":{"start":{"line":566,"column":8},"end":{"line":566,"column":25}},"175":{"start":{"line":567,"column":8},"end":{"line":567,"column":49}},"176":{"start":{"line":568,"column":13},"end":{"line":584,"column":7}},"177":{"start":{"line":571,"column":8},"end":{"line":571,"column":25}},"178":{"start":{"line":572,"column":8},"end":{"line":572,"column":36}},"179":{"start":{"line":573,"column":13},"end":{"line":584,"column":7}},"180":{"start":{"line":582,"column":8},"end":{"line":582,"column":25}},"181":{"start":{"line":583,"column":8},"end":{"line":583,"column":36}},"182":{"start":{"line":586,"column":6},"end":{"line":589,"column":9}},"183":{"start":{"line":594,"column":19},"end":{"line":594,"column":29}},"184":{"start":{"line":595,"column":28},"end":{"line":595,"column":36}},"185":{"start":{"line":597,"column":4},"end":{"line":716,"column":5}},"186":{"start":{"line":598,"column":31},"end":{"line":617,"column":8}},"187":{"start":{"line":619,"column":6},"end":{"line":621,"column":7}},"188":{"start":{"line":620,"column":8},"end":{"line":620,"column":72}},"189":{"start":{"line":623,"column":32},"end":{"line":623,"column":63}},"190":{"start":{"line":624,"column":37},"end":{"line":626,"column":7}},"191":{"start":{"line":625,"column":49},"end":{"line":625,"column":60}},"192":{"start":{"line":628,"column":6},"end":{"line":700,"column":7}},"193":{"start":{"line":629,"column":8},"end":{"line":686,"column":9}},"194":{"start":{"line":630,"column":10},"end":{"line":634,"column":13}},"195":{"start":{"line":636,"column":10},"end":{"line":685,"column":13}},"196":{"start":{"line":637,"column":34},"end":{"line":637,"column":36}},"197":{"start":{"line":639,"column":12},"end":{"line":661,"column":13}},"198":{"start":{"line":640,"column":31},"end":{"line":640,"column":42}},"199":{"start":{"line":642,"column":14},"end":{"line":649,"column":17}},"200":{"start":{"line":651,"column":46},"end":{"line":653,"column":16}},"201":{"start":{"line":655,"column":14},"end":{"line":660,"column":15}},"202":{"start":{"line":656,"column":16},"end":{"line":658,"column":19}},"203":{"start":{"line":659,"column":16},"end":{"line":659,"column":45}},"204":{"start":{"line":663,"column":12},"end":{"line":665,"column":15}},"205":{"start":{"line":667,"column":12},"end":{"line":669,"column":15}},"206":{"start":{"line":671,"column":29},"end":{"line":671,"column":87}},"207":{"start":{"line":672,"column":12},"end":{"line":678,"column":13}},"208":{"start":{"line":673,"column":14},"end":{"line":677,"column":62}},"209":{"start":{"line":680,"column":12},"end":{"line":684,"column":15}},"210":{"start":{"line":688,"column":8},"end":{"line":694,"column":11}},"211":{"start":{"line":689,"column":10},"end":{"line":691,"column":13}},"212":{"start":{"line":693,"column":10},"end":{"line":693,"column":55}},"213":{"start":{"line":696,"column":8},"end":{"line":699,"column":11}},"214":{"start":{"line":702,"column":6},"end":{"line":702,"column":55}},"215":{"start":{"line":704,"column":23},"end":{"line":704,"column":26}},"216":{"start":{"line":705,"column":25},"end":{"line":705,"column":73}},"217":{"start":{"line":707,"column":6},"end":{"line":710,"column":7}},"218":{"start":{"line":708,"column":8},"end":{"line":708,"column":25}},"219":{"start":{"line":709,"column":8},"end":{"line":709,"column":49}},"220":{"start":{"line":712,"column":6},"end":{"line":715,"column":9}},"221":{"start":{"line":720,"column":0},"end":{"line":720,"column":36}}},"fnMap":{"0":{"name":"(anonymous_0)","decl":{"start":{"line":9,"column":2},"end":{"line":9,"column":3}},"loc":{"start":{"line":9,"column":38},"end":{"line":258,"column":3}},"line":9},"1":{"name":"(anonymous_1)","decl":{"start":{"line":260,"column":2},"end":{"line":260,"column":3}},"loc":{"start":{"line":260,"column":36},"end":{"line":307,"column":3}},"line":260},"2":{"name":"(anonymous_2)","decl":{"start":{"line":309,"column":2},"end":{"line":309,"column":3}},"loc":{"start":{"line":309,"column":39},"end":{"line":335,"column":3}},"line":309},"3":{"name":"(anonymous_3)","decl":{"start":{"line":337,"column":2},"end":{"line":337,"column":3}},"loc":{"start":{"line":337,"column":49},"end":{"line":380,"column":3}},"line":337},"4":{"name":"(anonymous_4)","decl":{"start":{"line":359,"column":48},"end":{"line":359,"column":49}},"loc":{"start":{"line":359,"column":56},"end":{"line":359,"column":67}},"line":359},"5":{"name":"(anonymous_5)","decl":{"start":{"line":382,"column":2},"end":{"line":382,"column":3}},"loc":{"start":{"line":382,"column":38},"end":{"line":591,"column":3}},"line":382},"6":{"name":"(anonymous_6)","decl":{"start":{"line":396,"column":58},"end":{"line":396,"column":59}},"loc":{"start":{"line":396,"column":72},"end":{"line":555,"column":7}},"line":396},"7":{"name":"(anonymous_7)","decl":{"start":{"line":593,"column":2},"end":{"line":593,"column":3}},"loc":{"start":{"line":593,"column":38},"end":{"line":717,"column":3}},"line":593},"8":{"name":"(anonymous_8)","decl":{"start":{"line":625,"column":41},"end":{"line":625,"column":42}},"loc":{"start":{"line":625,"column":49},"end":{"line":625,"column":60}},"line":625},"9":{"name":"(anonymous_9)","decl":{"start":{"line":636,"column":36},"end":{"line":636,"column":37}},"loc":{"start":{"line":636,"column":50},"end":{"line":685,"column":11}},"line":636},"10":{"name":"(anonymous_10)","decl":{"start":{"line":688,"column":34},"end":{"line":688,"column":35}},"loc":{"start":{"line":688,"column":48},"end":{"line":694,"column":9}},"line":688}},"branchMap":{"0":{"loc":{"start":{"line":13,"column":6},"end":{"line":17,"column":7}},"type":"if","locations":[{"start":{"line":13,"column":6},"end":{"line":17,"column":7}},{"start":{},"end":{}}],"line":13},"1":{"loc":{"start":{"line":13,"column":10},"end":{"line":13,"column":76}},"type":"binary-expr","locations":[{"start":{"line":13,"column":10},"end":{"line":13,"column":15}},{"start":{"line":13,"column":19},"end":{"line":13,"column":30}},{"start":{"line":13,"column":34},"end":{"line":13,"column":47}},{"start":{"line":13,"column":51},"end":{"line":13,"column":76}}],"line":13},"2":{"loc":{"start":{"line":27,"column":6},"end":{"line":31,"column":7}},"type":"if","locations":[{"start":{"line":27,"column":6},"end":{"line":31,"column":7}},{"start":{},"end":{}}],"line":27},"3":{"loc":{"start":{"line":40,"column":8},"end":{"line":50,"column":9}},"type":"if","locations":[{"start":{"line":40,"column":8},"end":{"line":50,"column":9}},{"start":{},"end":{}}],"line":40},"4":{"loc":{"start":{"line":41,"column":10},"end":{"line":44,"column":29}},"type":"binary-expr","locations":[{"start":{"line":41,"column":10},"end":{"line":41,"column":24}},{"start":{"line":42,"column":10},"end":{"line":42,"column":39}},{"start":{"line":43,"column":10},"end":{"line":43,"column":34}},{"start":{"line":44,"column":10},"end":{"line":44,"column":29}}],"line":41},"5":{"loc":{"start":{"line":52,"column":8},"end":{"line":56,"column":9}},"type":"if","locations":[{"start":{"line":52,"column":8},"end":{"line":56,"column":9}},{"start":{},"end":{}}],"line":52},"6":{"loc":{"start":{"line":63,"column":8},"end":{"line":67,"column":9}},"type":"if","locations":[{"start":{"line":63,"column":8},"end":{"line":67,"column":9}},{"start":{},"end":{}}],"line":63},"7":{"loc":{"start":{"line":72,"column":8},"end":{"line":80,"column":9}},"type":"if","locations":[{"start":{"line":72,"column":8},"end":{"line":80,"column":9}},{"start":{},"end":{}}],"line":72},"8":{"loc":{"start":{"line":73,"column":10},"end":{"line":75,"column":30}},"type":"binary-expr","locations":[{"start":{"line":73,"column":10},"end":{"line":73,"column":34}},{"start":{"line":74,"column":10},"end":{"line":74,"column":39}},{"start":{"line":75,"column":10},"end":{"line":75,"column":30}}],"line":73},"9":{"loc":{"start":{"line":82,"column":8},"end":{"line":120,"column":9}},"type":"if","locations":[{"start":{"line":82,"column":8},"end":{"line":120,"column":9}},{"start":{"line":94,"column":15},"end":{"line":120,"column":9}}],"line":82},"10":{"loc":{"start":{"line":95,"column":10},"end":{"line":102,"column":11}},"type":"if","locations":[{"start":{"line":95,"column":10},"end":{"line":102,"column":11}},{"start":{},"end":{}}],"line":95},"11":{"loc":{"start":{"line":96,"column":12},"end":{"line":97,"column":50}},"type":"binary-expr","locations":[{"start":{"line":96,"column":12},"end":{"line":96,"column":54}},{"start":{"line":97,"column":12},"end":{"line":97,"column":50}}],"line":96},"12":{"loc":{"start":{"line":122,"column":8},"end":{"line":129,"column":9}},"type":"if","locations":[{"start":{"line":122,"column":8},"end":{"line":129,"column":9}},{"start":{},"end":{}}],"line":122},"13":{"loc":{"start":{"line":123,"column":10},"end":{"line":124,"column":43}},"type":"binary-expr","locations":[{"start":{"line":123,"column":10},"end":{"line":123,"column":48}},{"start":{"line":124,"column":10},"end":{"line":124,"column":43}}],"line":123},"14":{"loc":{"start":{"line":130,"column":8},"end":{"line":137,"column":9}},"type":"if","locations":[{"start":{"line":130,"column":8},"end":{"line":137,"column":9}},{"start":{},"end":{}}],"line":130},"15":{"loc":{"start":{"line":131,"column":10},"end":{"line":132,"column":42}},"type":"binary-expr","locations":[{"start":{"line":131,"column":10},"end":{"line":131,"column":46}},{"start":{"line":132,"column":10},"end":{"line":132,"column":42}}],"line":131},"16":{"loc":{"start":{"line":144,"column":8},"end":{"line":151,"column":9}},"type":"if","locations":[{"start":{"line":144,"column":8},"end":{"line":151,"column":9}},{"start":{},"end":{}}],"line":144},"17":{"loc":{"start":{"line":144,"column":12},"end":{"line":144,"column":74}},"type":"binary-expr","locations":[{"start":{"line":144,"column":12},"end":{"line":144,"column":39}},{"start":{"line":144,"column":43},"end":{"line":144,"column":74}}],"line":144},"18":{"loc":{"start":{"line":158,"column":8},"end":{"line":199,"column":9}},"type":"if","locations":[{"start":{"line":158,"column":8},"end":{"line":199,"column":9}},{"start":{"line":160,"column":15},"end":{"line":199,"column":9}}],"line":158},"19":{"loc":{"start":{"line":160,"column":15},"end":{"line":199,"column":9}},"type":"if","locations":[{"start":{"line":160,"column":15},"end":{"line":199,"column":9}},{"start":{"line":170,"column":15},"end":{"line":199,"column":9}}],"line":160},"20":{"loc":{"start":{"line":170,"column":15},"end":{"line":199,"column":9}},"type":"if","locations":[{"start":{"line":170,"column":15},"end":{"line":199,"column":9}},{"start":{"line":178,"column":15},"end":{"line":199,"column":9}}],"line":170},"21":{"loc":{"start":{"line":182,"column":10},"end":{"line":198,"column":11}},"type":"if","locations":[{"start":{"line":182,"column":10},"end":{"line":198,"column":11}},{"start":{},"end":{}}],"line":182},"22":{"loc":{"start":{"line":183,"column":12},"end":{"line":197,"column":13}},"type":"if","locations":[{"start":{"line":183,"column":12},"end":{"line":197,"column":13}},{"start":{"line":189,"column":19},"end":{"line":197,"column":13}}],"line":183},"23":{"loc":{"start":{"line":189,"column":19},"end":{"line":197,"column":13}},"type":"if","locations":[{"start":{"line":189,"column":19},"end":{"line":197,"column":13}},{"start":{"line":195,"column":19},"end":{"line":197,"column":13}}],"line":189},"24":{"loc":{"start":{"line":213,"column":25},"end":{"line":213,"column":54}},"type":"binary-expr","locations":[{"start":{"line":213,"column":25},"end":{"line":213,"column":46}},{"start":{"line":213,"column":50},"end":{"line":213,"column":54}}],"line":213},"25":{"loc":{"start":{"line":237,"column":6},"end":{"line":253,"column":7}},"type":"if","locations":[{"start":{"line":237,"column":6},"end":{"line":253,"column":7}},{"start":{"line":240,"column":13},"end":{"line":253,"column":7}}],"line":237},"26":{"loc":{"start":{"line":240,"column":13},"end":{"line":253,"column":7}},"type":"if","locations":[{"start":{"line":240,"column":13},"end":{"line":253,"column":7}},{"start":{},"end":{}}],"line":240},"27":{"loc":{"start":{"line":241,"column":8},"end":{"line":249,"column":64}},"type":"binary-expr","locations":[{"start":{"line":241,"column":8},"end":{"line":241,"column":51}},{"start":{"line":242,"column":8},"end":{"line":242,"column":65}},{"start":{"line":243,"column":8},"end":{"line":243,"column":59}},{"start":{"line":244,"column":8},"end":{"line":244,"column":57}},{"start":{"line":245,"column":8},"end":{"line":245,"column":57}},{"start":{"line":246,"column":8},"end":{"line":246,"column":58}},{"start":{"line":247,"column":8},"end":{"line":247,"column":67}},{"start":{"line":248,"column":8},"end":{"line":248,"column":51}},{"start":{"line":249,"column":8},"end":{"line":249,"column":64}}],"line":241},"28":{"loc":{"start":{"line":264,"column":6},"end":{"line":288,"column":7}},"type":"if","locations":[{"start":{"line":264,"column":6},"end":{"line":288,"column":7}},{"start":{},"end":{}}],"line":264},"29":{"loc":{"start":{"line":264,"column":10},"end":{"line":264,"column":36}},"type":"binary-expr","locations":[{"start":{"line":264,"column":10},"end":{"line":264,"column":14}},{"start":{"line":264,"column":18},"end":{"line":264,"column":36}}],"line":264},"30":{"loc":{"start":{"line":280,"column":8},"end":{"line":284,"column":9}},"type":"if","locations":[{"start":{"line":280,"column":8},"end":{"line":284,"column":9}},{"start":{},"end":{}}],"line":280},"31":{"loc":{"start":{"line":324,"column":6},"end":{"line":326,"column":7}},"type":"if","locations":[{"start":{"line":324,"column":6},"end":{"line":326,"column":7}},{"start":{},"end":{}}],"line":324},"32":{"loc":{"start":{"line":353,"column":6},"end":{"line":355,"column":7}},"type":"if","locations":[{"start":{"line":353,"column":6},"end":{"line":355,"column":7}},{"start":{},"end":{}}],"line":353},"33":{"loc":{"start":{"line":357,"column":6},"end":{"line":372,"column":7}},"type":"if","locations":[{"start":{"line":357,"column":6},"end":{"line":372,"column":7}},{"start":{"line":366,"column":13},"end":{"line":372,"column":7}}],"line":357},"34":{"loc":{"start":{"line":392,"column":6},"end":{"line":394,"column":7}},"type":"if","locations":[{"start":{"line":392,"column":6},"end":{"line":394,"column":7}},{"start":{},"end":{}}],"line":392},"35":{"loc":{"start":{"line":400,"column":8},"end":{"line":411,"column":9}},"type":"if","locations":[{"start":{"line":400,"column":8},"end":{"line":411,"column":9}},{"start":{},"end":{}}],"line":400},"36":{"loc":{"start":{"line":402,"column":10},"end":{"line":410,"column":11}},"type":"if","locations":[{"start":{"line":402,"column":10},"end":{"line":410,"column":11}},{"start":{},"end":{}}],"line":402},"37":{"loc":{"start":{"line":406,"column":12},"end":{"line":408,"column":13}},"type":"if","locations":[{"start":{"line":406,"column":12},"end":{"line":408,"column":13}},{"start":{},"end":{}}],"line":406},"38":{"loc":{"start":{"line":406,"column":16},"end":{"line":406,"column":56}},"type":"binary-expr","locations":[{"start":{"line":406,"column":16},"end":{"line":406,"column":29}},{"start":{"line":406,"column":33},"end":{"line":406,"column":56}}],"line":406},"39":{"loc":{"start":{"line":413,"column":8},"end":{"line":415,"column":9}},"type":"if","locations":[{"start":{"line":413,"column":8},"end":{"line":415,"column":9}},{"start":{},"end":{}}],"line":413},"40":{"loc":{"start":{"line":417,"column":8},"end":{"line":419,"column":9}},"type":"if","locations":[{"start":{"line":417,"column":8},"end":{"line":419,"column":9}},{"start":{},"end":{}}],"line":417},"41":{"loc":{"start":{"line":418,"column":46},"end":{"line":418,"column":75}},"type":"binary-expr","locations":[{"start":{"line":418,"column":46},"end":{"line":418,"column":67}},{"start":{"line":418,"column":71},"end":{"line":418,"column":75}}],"line":418},"42":{"loc":{"start":{"line":432,"column":10},"end":{"line":437,"column":11}},"type":"if","locations":[{"start":{"line":432,"column":10},"end":{"line":437,"column":11}},{"start":{},"end":{}}],"line":432},"43":{"loc":{"start":{"line":445,"column":10},"end":{"line":470,"column":11}},"type":"if","locations":[{"start":{"line":445,"column":10},"end":{"line":470,"column":11}},{"start":{"line":448,"column":17},"end":{"line":470,"column":11}}],"line":445},"44":{"loc":{"start":{"line":448,"column":17},"end":{"line":470,"column":11}},"type":"if","locations":[{"start":{"line":448,"column":17},"end":{"line":470,"column":11}},{"start":{"line":466,"column":17},"end":{"line":470,"column":11}}],"line":448},"45":{"loc":{"start":{"line":451,"column":12},"end":{"line":465,"column":13}},"type":"if","locations":[{"start":{"line":451,"column":12},"end":{"line":465,"column":13}},{"start":{"line":457,"column":19},"end":{"line":465,"column":13}}],"line":451},"46":{"loc":{"start":{"line":457,"column":19},"end":{"line":465,"column":13}},"type":"if","locations":[{"start":{"line":457,"column":19},"end":{"line":465,"column":13}},{"start":{"line":461,"column":19},"end":{"line":465,"column":13}}],"line":457},"47":{"loc":{"start":{"line":472,"column":10},"end":{"line":480,"column":11}},"type":"if","locations":[{"start":{"line":472,"column":10},"end":{"line":480,"column":11}},{"start":{},"end":{}}],"line":472},"48":{"loc":{"start":{"line":473,"column":12},"end":{"line":475,"column":40}},"type":"binary-expr","locations":[{"start":{"line":473,"column":12},"end":{"line":473,"column":44}},{"start":{"line":474,"column":12},"end":{"line":474,"column":49}},{"start":{"line":475,"column":12},"end":{"line":475,"column":40}}],"line":473},"49":{"loc":{"start":{"line":482,"column":10},"end":{"line":519,"column":11}},"type":"if","locations":[{"start":{"line":482,"column":10},"end":{"line":519,"column":11}},{"start":{"line":494,"column":17},"end":{"line":519,"column":11}}],"line":482},"50":{"loc":{"start":{"line":495,"column":12},"end":{"line":502,"column":13}},"type":"if","locations":[{"start":{"line":495,"column":12},"end":{"line":502,"column":13}},{"start":{},"end":{}}],"line":495},"51":{"loc":{"start":{"line":496,"column":14},"end":{"line":497,"column":45}},"type":"binary-expr","locations":[{"start":{"line":496,"column":14},"end":{"line":496,"column":49}},{"start":{"line":497,"column":14},"end":{"line":497,"column":45}}],"line":496},"52":{"loc":{"start":{"line":521,"column":10},"end":{"line":525,"column":11}},"type":"if","locations":[{"start":{"line":521,"column":10},"end":{"line":525,"column":11}},{"start":{},"end":{}}],"line":521},"53":{"loc":{"start":{"line":521,"column":14},"end":{"line":521,"column":75}},"type":"binary-expr","locations":[{"start":{"line":521,"column":14},"end":{"line":521,"column":45}},{"start":{"line":521,"column":49},"end":{"line":521,"column":75}}],"line":521},"54":{"loc":{"start":{"line":526,"column":10},"end":{"line":530,"column":11}},"type":"if","locations":[{"start":{"line":526,"column":10},"end":{"line":530,"column":11}},{"start":{},"end":{}}],"line":526},"55":{"loc":{"start":{"line":526,"column":14},"end":{"line":526,"column":72}},"type":"binary-expr","locations":[{"start":{"line":526,"column":14},"end":{"line":526,"column":43}},{"start":{"line":526,"column":47},"end":{"line":526,"column":72}}],"line":526},"56":{"loc":{"start":{"line":537,"column":10},"end":{"line":544,"column":11}},"type":"if","locations":[{"start":{"line":537,"column":10},"end":{"line":544,"column":11}},{"start":{},"end":{}}],"line":537},"57":{"loc":{"start":{"line":537,"column":14},"end":{"line":537,"column":76}},"type":"binary-expr","locations":[{"start":{"line":537,"column":14},"end":{"line":537,"column":41}},{"start":{"line":537,"column":45},"end":{"line":537,"column":76}}],"line":537},"58":{"loc":{"start":{"line":565,"column":6},"end":{"line":584,"column":7}},"type":"if","locations":[{"start":{"line":565,"column":6},"end":{"line":584,"column":7}},{"start":{"line":568,"column":13},"end":{"line":584,"column":7}}],"line":565},"59":{"loc":{"start":{"line":568,"column":13},"end":{"line":584,"column":7}},"type":"if","locations":[{"start":{"line":568,"column":13},"end":{"line":584,"column":7}},{"start":{"line":573,"column":13},"end":{"line":584,"column":7}}],"line":568},"60":{"loc":{"start":{"line":573,"column":13},"end":{"line":584,"column":7}},"type":"if","locations":[{"start":{"line":573,"column":13},"end":{"line":584,"column":7}},{"start":{},"end":{}}],"line":573},"61":{"loc":{"start":{"line":574,"column":8},"end":{"line":580,"column":63}},"type":"binary-expr","locations":[{"start":{"line":574,"column":8},"end":{"line":574,"column":56}},{"start":{"line":575,"column":8},"end":{"line":575,"column":66}},{"start":{"line":576,"column":8},"end":{"line":576,"column":58}},{"start":{"line":577,"column":8},"end":{"line":577,"column":56}},{"start":{"line":578,"column":8},"end":{"line":578,"column":57}},{"start":{"line":579,"column":8},"end":{"line":579,"column":50}},{"start":{"line":580,"column":8},"end":{"line":580,"column":63}}],"line":574},"62":{"loc":{"start":{"line":619,"column":6},"end":{"line":621,"column":7}},"type":"if","locations":[{"start":{"line":619,"column":6},"end":{"line":621,"column":7}},{"start":{},"end":{}}],"line":619},"63":{"loc":{"start":{"line":628,"column":6},"end":{"line":700,"column":7}},"type":"if","locations":[{"start":{"line":628,"column":6},"end":{"line":700,"column":7}},{"start":{"line":687,"column":13},"end":{"line":700,"column":7}}],"line":628},"64":{"loc":{"start":{"line":629,"column":8},"end":{"line":686,"column":9}},"type":"if","locations":[{"start":{"line":629,"column":8},"end":{"line":686,"column":9}},{"start":{"line":635,"column":15},"end":{"line":686,"column":9}}],"line":629},"65":{"loc":{"start":{"line":655,"column":14},"end":{"line":660,"column":15}},"type":"if","locations":[{"start":{"line":655,"column":14},"end":{"line":660,"column":15}},{"start":{},"end":{}}],"line":655},"66":{"loc":{"start":{"line":672,"column":12},"end":{"line":678,"column":13}},"type":"if","locations":[{"start":{"line":672,"column":12},"end":{"line":678,"column":13}},{"start":{},"end":{}}],"line":672},"67":{"loc":{"start":{"line":707,"column":6},"end":{"line":710,"column":7}},"type":"if","locations":[{"start":{"line":707,"column":6},"end":{"line":710,"column":7}},{"start":{},"end":{}}],"line":707}},"s":{"0":6,"1":6,"2":6,"3":6,"4":9,"5":9,"6":9,"7":2,"8":7,"9":7,"10":7,"11":1,"12":6,"13":6,"14":6,"15":6,"16":6,"17":0,"18":6,"19":0,"20":6,"21":6,"22":1,"23":5,"24":5,"25":5,"26":0,"27":5,"28":0,"29":0,"30":0,"31":5,"32":0,"33":5,"34":5,"35":1,"36":4,"37":4,"38":0,"39":4,"40":2,"41":2,"42":2,"43":2,"44":0,"45":0,"46":2,"47":2,"48":2,"49":2,"50":0,"51":2,"52":2,"53":0,"54":0,"55":0,"56":0,"57":0,"58":0,"59":0,"60":0,"61":0,"62":2,"63":2,"64":2,"65":0,"66":0,"67":0,"68":0,"69":0,"70":0,"71":0,"72":0,"73":0,"74":0,"75":2,"76":2,"77":2,"78":1,"79":1,"80":1,"81":1,"82":0,"83":1,"84":1,"85":0,"86":0,"87":2,"88":2,"89":2,"90":2,"91":1,"92":1,"93":0,"94":0,"95":0,"96":0,"97":0,"98":0,"99":0,"100":0,"101":0,"102":0,"103":0,"104":0,"105":0,"106":0,"107":8,"108":8,"109":8,"110":8,"111":8,"112":1,"113":7,"114":7,"115":7,"116":7,"117":2,"118":2,"119":2,"120":2,"121":1,"122":1,"123":6,"124":4,"125":6,"126":2,"127":6,"128":6,"129":3,"130":3,"131":0,"132":0,"133":3,"134":3,"135":3,"136":0,"137":0,"138":3,"139":3,"140":3,"141":3,"142":0,"143":0,"144":0,"145":0,"146":3,"147":0,"148":3,"149":0,"150":0,"151":0,"152":3,"153":1,"154":2,"155":2,"156":0,"157":2,"158":2,"159":1,"160":1,"161":0,"162":1,"163":1,"164":1,"165":0,"166":0,"167":1,"168":4,"169":4,"170":4,"171":3,"172":3,"173":3,"174":0,"175":0,"176":3,"177":1,"178":1,"179":2,"180":2,"181":2,"182":3,"183":2,"184":2,"185":2,"186":2,"187":2,"188":1,"189":1,"190":1,"191":0,"192":1,"193":0,"194":0,"195":0,"196":0,"197":0,"198":0,"199":0,"200":0,"201":0,"202":0,"203":0,"204":0,"205":0,"206":0,"207":0,"208":0,"209":0,"210":1,"211":1,"212":1,"213":1,"214":0,"215":0,"216":0,"217":0,"218":0,"219":0,"220":0,"221":6},"f":{"0":9,"1":2,"2":2,"3":0,"4":0,"5":8,"6":7,"7":2,"8":0,"9":0,"10":1},"b":{"0":[2,7],"1":[9,9,9,8],"2":[1,6],"3":[0,6],"4":[6,6,6,6],"5":[0,6],"6":[1,5],"7":[0,5],"8":[5,5,5],"9":[0,5],"10":[0,5],"11":[5,5],"12":[0,4],"13":[4,4],"14":[2,2],"15":[4,4],"16":[0,2],"17":[2,2],"18":[0,2],"19":[2,0],"20":[0,0],"21":[0,0],"22":[0,0],"23":[0,0],"24":[2,0],"25":[0,0],"26":[0,0],"27":[0,0,0,0,0,0,0,0,0],"28":[1,1],"29":[2,1],"30":[1,0],"31":[1,1],"32":[0,0],"33":[0,0],"34":[1,7],"35":[2,5],"36":[2,0],"37":[1,1],"38":[2,1],"39":[4,2],"40":[2,4],"41":[2,0],"42":[0,3],"43":[0,3],"44":[3,0],"45":[3,0],"46":[0,0],"47":[0,3],"48":[3,3,3],"49":[0,3],"50":[1,2],"51":[3,3],"52":[1,1],"53":[2,2],"54":[0,1],"55":[1,1],"56":[0,1],"57":[1,1],"58":[0,3],"59":[1,2],"60":[2,0],"61":[2,1,1,1,0,0,0],"62":[1,1],"63":[0,1],"64":[0,0],"65":[0,0],"66":[0,0],"67":[0,0]},"_coverageSchema":"1a1c01bbd47fc00a2c39e90264f33305004495a9","hash":"7a9210c120188c931665a173ac0f504c4cb3ee46"}
,"C:\\Users\\Micro\\Desktop\\SEC (Sistema de Estoque  - Confeitaria\\src\\BACKEND\\API_CONFEITARIA\\controllers\\RevenuesIngredientController.js": {"path":"C:\\Users\\Micro\\Desktop\\SEC (Sistema de Estoque  - Confeitaria\\src\\BACKEND\\API_CONFEITARIA\\controllers\\RevenuesIngredientController.js","statementMap":{"0":{"start":{"line":1,"column":25},"end":{"line":1,"column":50}},"1":{"start":{"line":2,"column":15},"end":{"line":2,"column":33}},"2":{"start":{"line":6,"column":4},"end":{"line":6,"column":42}},"3":{"start":{"line":10,"column":4},"end":{"line":148,"column":5}},"4":{"start":{"line":11,"column":28},"end":{"line":11,"column":38}},"5":{"start":{"line":12,"column":69},"end":{"line":12,"column":77}},"6":{"start":{"line":14,"column":6},"end":{"line":26,"column":7}},"7":{"start":{"line":20,"column":8},"end":{"line":25,"column":13}},"8":{"start":{"line":27,"column":6},"end":{"line":31,"column":7}},"9":{"start":{"line":28,"column":8},"end":{"line":30,"column":77}},"10":{"start":{"line":34,"column":24},"end":{"line":36,"column":8}},"11":{"start":{"line":38,"column":6},"end":{"line":42,"column":7}},"12":{"start":{"line":39,"column":8},"end":{"line":41,"column":66}},"13":{"start":{"line":45,"column":33},"end":{"line":50,"column":7}},"14":{"start":{"line":52,"column":6},"end":{"line":58,"column":7}},"15":{"start":{"line":53,"column":8},"end":{"line":57,"column":13}},"16":{"start":{"line":60,"column":29},"end":{"line":60,"column":33}},"17":{"start":{"line":61,"column":32},"end":{"line":61,"column":36}},"18":{"start":{"line":64,"column":23},"end":{"line":64,"column":55}},"19":{"start":{"line":66,"column":6},"end":{"line":118,"column":7}},"20":{"start":{"line":68,"column":8},"end":{"line":74,"column":9}},"21":{"start":{"line":69,"column":10},"end":{"line":73,"column":15}},"22":{"start":{"line":75,"column":8},"end":{"line":75,"column":43}},"23":{"start":{"line":76,"column":13},"end":{"line":118,"column":7}},"24":{"start":{"line":80,"column":8},"end":{"line":90,"column":9}},"25":{"start":{"line":85,"column":10},"end":{"line":89,"column":15}},"26":{"start":{"line":92,"column":8},"end":{"line":96,"column":10}},"27":{"start":{"line":97,"column":13},"end":{"line":118,"column":7}},"28":{"start":{"line":99,"column":8},"end":{"line":105,"column":9}},"29":{"start":{"line":100,"column":10},"end":{"line":104,"column":15}},"30":{"start":{"line":107,"column":8},"end":{"line":111,"column":10}},"31":{"start":{"line":113,"column":8},"end":{"line":117,"column":13}},"32":{"start":{"line":120,"column":30},"end":{"line":127,"column":8}},"33":{"start":{"line":129,"column":6},"end":{"line":134,"column":11}},"34":{"start":{"line":136,"column":6},"end":{"line":136,"column":72}},"35":{"start":{"line":138,"column":6},"end":{"line":144,"column":7}},"36":{"start":{"line":143,"column":8},"end":{"line":143,"column":62}},"37":{"start":{"line":145,"column":6},"end":{"line":147,"column":78}},"38":{"start":{"line":152,"column":4},"end":{"line":309,"column":5}},"39":{"start":{"line":153,"column":43},"end":{"line":153,"column":53}},"40":{"start":{"line":154,"column":54},"end":{"line":154,"column":62}},"41":{"start":{"line":156,"column":6},"end":{"line":162,"column":7}},"42":{"start":{"line":157,"column":8},"end":{"line":161,"column":13}},"43":{"start":{"line":163,"column":6},"end":{"line":167,"column":7}},"44":{"start":{"line":164,"column":8},"end":{"line":166,"column":77}},"45":{"start":{"line":169,"column":6},"end":{"line":176,"column":7}},"46":{"start":{"line":170,"column":8},"end":{"line":175,"column":13}},"47":{"start":{"line":179,"column":24},"end":{"line":181,"column":8}},"48":{"s
[...]
,"C:\\Users\\Micro\\Desktop\\SEC (Sistema de Estoque  - Confeitaria\\src\\BACKEND\\API_CONFEITARIA\\controllers\\middlewares\\checkToken.js": {"path":"C:\\Users\\Micro\\Desktop\\SEC (Sistema de Estoque  - Confeitaria\\src\\BACKEND\\API_CONFEITARIA\\controllers\\middlewares\\checkToken.js","statementMap":{"0":{"start":{"line":1,"column":0},"end":{"line":1,"column":27}},"1":{"start":{"line":2,"column":18},"end":{"line":2,"column":40}},"2":{"start":{"line":4,"column":12},"end":{"line":4,"column":35}},"3":{"start":{"line":7,"column":21},"end":{"line":7,"column":49}},"4":{"start":{"line":9,"column":16},"end":{"line":9,"column":54}},"5":{"start":{"line":11,"column":2},"end":{"line":11,"column":69}},"6":{"start":{"line":11,"column":14},"end":{"line":11,"column":69}},"7":{"start":{"line":13,"column":2},"end":{"line":19,"column":3}},"8":{"start":{"line":14,"column":24},"end":{"line":14,"column":52}},"9":{"start":{"line":15,"column":4},"end":{"line":15,"column":27}},"10":{"start":{"line":16,"column":4},"end":{"line":16,"column":11}},"11":{"start":{"line":18,"column":4},"end":{"line":18,"column":57}},"12":{"start":{"line":22,"column":0},"end":{"line":22,"column":28}}},"fnMap":{"0":{"name":"checkToken","decl":{"start":{"line":6,"column":9},"end":{"line":6,"column":19}},"loc":{"start":{"line":6,"column":36},"end":{"line":20,"column":1}},"line":6}},"branchMap":{"0":{"loc":{"start":{"line":9,"column":16},"end":{"line":9,"column":54}},"type":"binary-expr","locations":[{"start":{"line":9,"column":16},"end":{"line":9,"column":26}},{"start":{"line":9,"column":30},"end":{"line":9,"column":54}}],"line":9},"1":{"loc":{"start":{"line":11,"column":2},"end":{"line":11,"column":69}},"type":"if","locations":[{"start":{"line":11,"column":2},"end":{"line":11,"column":69}},{"start":{},"end":{}}],"line":11}},"s":{"0":6,"1":6,"2":6,"3":66,"4":66,"5":66,"6":0,"7":66,"8":66,"9":66,"10":66,"11":0,"12":6},"f":{"0":66},"b":{"0":[66,66],"1":[0,66]},"_coverageSchema":"1a1c01bbd47fc00a2c39e90264f33305004495a9","hash":"c37323bf19878d4d7740c016a77b63ee270f9483"}
,"C:\\Users\\Micro\\Desktop\\SEC (Sistema de Estoque  - Confeitaria\\src\\BACKEND\\API_CONFEITARIA\\controllers\\utils\\convertToBase.js": {"path":"C:\\Users\\Micro\\Desktop\\SEC (Sistema de Estoque  - Confeitaria\\src\\BACKEND\\API_CONFEITARIA\\controllers\\utils\\convertToBase.js","statementMap":{"0":{"start":{"line":2,"column":4},"end":{"line":4,"column":5}},"1":{"start":{"line":3,"column":8},"end":{"line":3,"column":17}},"2":{"start":{"line":6,"column":16},"end":{"line":6,"column":33}},"3":{"start":{"line":7,"column":22},"end":{"line":7,"column":40}},"4":{"start":{"line":9,"column":4},"end":{"line":17,"column":5}},"5":{"start":{"line":10,"column":19},"end":{"line":10,"column":37}},"6":{"start":{"line":11,"column":19},"end":{"line":11,"column":30}},"7":{"start":{"line":12,"column":19},"end":{"line":12,"column":37}},"8":{"start":{"line":13,"column":19},"end":{"line":13,"column":30}},"9":{"start":{"line":14,"column":19},"end":{"line":14,"column":37}},"10":{"start":{"line":15,"column":19},"end":{"line":15,"column":30}},"11":{"start":{"line":16,"column":19},"end":{"line":16,"column":30}},"12":{"start":{"line":20,"column":0},"end":{"line":20,"column":31}}},"fnMap":{"0":{"name":"convertToBase","decl":{"start":{"line":1,"column":9},"end":{"line":1,"column":22}},"loc":{"start":{"line":1,"column":36},"end":{"line":18,"column":1}},"line":1}},"branchMap":{"0":{"loc":{"start":{"line":2,"column":4},"end":{"line":4,"column":5}},"type":"if","locations":[{"start":{"line":2,"column":4},"end":{"line":4,"column":5}},{"start":{},"end":{}}],"line":2},"1":{"loc":{"start":{"line":2,"column":8},"end":{"line":2,"column":61}},"type":"binary-expr","locations":[{"start":{"line":2,"column":8},"end":{"line":2,"column":22}},{"start":{"line":2,"column":26},"end":{"line":2,"column":45}},{"start":{"line":2,"column":49},"end":{"line":2,"column":61}}],"line":2},"2":{"loc":{"start":{"line":9,"column":4},"end":{"line":17,"column":5}},"type":"switch","locations":[{"start":{"line":10,"column":8},"end":{"line":10,"column":37}},{"start":{"line":11,"column":8},"end":{"line":11,"column":30}},{"start":{"line":12,"column":8},"end":{"line":12,"column":37}},{"start":{"line":13,"column":8},"end":{"line":13,"column":30}},{"start":{"line":14,"column":8},"end":{"line":14,"column":37}},{"start":{"line":15,"column":8},"end":{"line":15,"column":30}},{"start":{"line":16,"column":8},"end":{"line":16,"column":30}}],"line":9}},"s":{"0":22,"1":3,"2":19,"3":19,"4":19,"5":4,"6":2,"7":4,"8":3,"9":2,"10":2,"11":2,"12":7},"f":{"0":22},"b":{"0":[3,19],"1":[22,21,20],"2":[4,2,4,3,2,2,2]},"_coverageSchema":"1a1c01bbd47fc00a2c39e90264f33305004495a9","hash":"89333102cfc55985bf3ee4bd36780f5ce4827a16"}
,"C:\\Users\\Micro\\Desktop\\SEC (Sistema de Estoque  - Confeitaria\\src\\BACKEND\\API_CONFEITARIA\\controllers\\utils\\excludeKey.js": {"path":"C:\\Users\\Micro\\Desktop\\SEC (Sistema de Estoque  - Confeitaria\\src\\BACKEND\\API_CONFEITARIA\\controllers\\utils\\excludeKey.js","statementMap":{"0":{"start":{"line":2,"column":4},"end":{"line":4,"column":6}},"1":{"start":{"line":3,"column":45},"end":{"line":3,"column":64}},"2":{"start":{"line":7,"column":0},"end":{"line":7,"column":25}}},"fnMap":{"0":{"name":"exclude","decl":{"start":{"line":1,"column":9},"end":{"line":1,"column":16}},"loc":{"start":{"line":1,"column":29},"end":{"line":5,"column":1}},"line":1},"1":{"name":"(anonymous_1)","decl":{"start":{"line":3,"column":34},"end":{"line":3,"column":35}},"loc":{"start":{"line":3,"column":45},"end":{"line":3,"column":64}},"line":3}},"branchMap":{},"s":{"0":7,"1":37,"2":7},"f":{"0":7,"1":37},"b":{},"_coverageSchema":"1a1c01bbd47fc00a2c39e90264f33305004495a9","hash":"e7fc8914ab6dab8b319a16cd24e381476776f767"}
,"C:\\Users\\Micro\\Desktop\\SEC (Sistema de Estoque  - Confeitaria\\src\\BACKEND\\API_CONFEITARIA\\controllers\\utils\\recipeUnitConverter.js": {"path":"C:\\Users\\Micro\\Desktop\\SEC (Sistema de Estoque  - Confeitaria\\src\\BACKEND\\API_CONFEITARIA\\controllers\\utils\\recipeUnitConverter.js","statementMap":{"0":{"start":{"line":1,"column":26},"end":{"line":1,"column":51}},"1":{"start":{"line":4,"column":4},"end":{"line":6,"column":5}},"2":{"start":{"line":5,"column":8},"end":{"line":5,"column":17}},"3":{"start":{"line":8,"column":16},"end":{"line":8,"column":33}},"4":{"start":{"line":9,"column":26},"end":{"line":9,"column":48}},"5":{"start":{"line":10,"column":28},"end":{"line":10,"column":52}},"6":{"start":{"line":12,"column":4},"end":{"line":14,"column":5}},"7":{"start":{"line":13,"column":8},"end":{"line":13,"column":19}},"8":{"start":{"line":18,"column":4},"end":{"line":33,"column":5}},"9":{"start":{"line":19,"column":31},"end":{"line":19,"column":62}},"10":{"start":{"line":19,"column":63},"end":{"line":19,"column":69}},"11":{"start":{"line":20,"column":30},"end":{"line":20,"column":54}},"12":{"start":{"line":20,"column":55},"end":{"line":20,"column":61}},"13":{"start":{"line":21,"column":31},"end":{"line":21,"column":62}},"14":{"start":{"line":21,"column":63},"end":{"line":21,"column":69}},"15":{"start":{"line":23,"column":31},"end":{"line":23,"column":55}},"16":{"start":{"line":23,"column":56},"end":{"line":23,"column":62}},"17":{"start":{"line":24,"column":30},"end":{"line":24,"column":61}},"18":{"start":{"line":24,"column":62},"end":{"line":24,"column":68}},"19":{"start":{"line":27,"column":12},"end":{"line":29,"column":13}},"20":{"start":{"line":28,"column":16},"end":{"line":28,"column":90}},"21":{"start":{"line":30,"column":12},"end":{"line":30,"column":23}},"22":{"start":{"line":32,"column":12},"end":{"line":32,"column":107}},"23":{"start":{"line":36,"column":4},"end":{"line":48,"column":5}},"24":{"start":{"line":37,"column":31},"end":{"line":37,"column":63}},"25":{"start":{"line":38,"column":30},"end":{"line":38,"column":55}},"26":{"start":{"line":39,"column":31},"end":{"line":39,"column":63}},"27":{"start":{"line":41,"column":31},"end":{"line":41,"column":56}},"28":{"start":{"line":42,"column":30},"end":{"line":42,"column":62}},"29":{"start":{"line":45,"column":12},"end":{"line":45,"column":79}},"30":{"start":{"line":47,"column":12},"end":{"line":47,"column":110}},"31":{"start":{"line":52,"column":0},"end":{"line":52,"column":55}}},"fnMap":{"0":{"name":"convertRecipeUnits","decl":{"start":{"line":3,"column":9},"end":{"line":3,"column":27}},"loc":{"start":{"line":3,"column":57},"end":{"line":49,"column":1}},"line":3}},"branchMap":{"0":{"loc":{"start":{"line":4,"column":4},"end":{"line":6,"column":5}},"type":"if","locations":[{"start":{"line":4,"column":4},"end":{"line":6,"column":5}},{"start":{},"end":{}}],"line":4},"1":{"loc":{"start":{"line":4,"column":8},"end":{"line":4,"column":61}},"type":"binary-expr","locations":[{"start":{"line":4,"column":8},"end":{"line":4,"column":22}},{"start":{"line":4,"column":26},"end":{"line":4,"column":45}},{"start":{"line":4,"column":49},"end":{"line":4,"column":61}}],"line":4},"2":{"loc":{"start":{"line":12,"column":4},"end":{"line":14,"column":5}},"type":"if","locations":[{"start":{"line":12,"column":4},"end":{"line":14,"column":5}},{"start":{},"end":{}}],"line":12},"3":{"loc":{"start":{"line":18,"column":4},"end":{"line":33,"column":5}},"type":"switch","locations":[{"start":{"line":19,"column":8},"end":{"line":19,"column":69}},{"start":{"line":20,"column":8},"end":{"line":20,"column":61}},{"start":{"line":21,"column":8},"end":{"line":21,"column":69}},{"start":{"line":23,"column":8},"end":{"line":23,"column":62}},{"start":{"line":24,"column":8},"end":{"line":24,"column":68}},{"start":{"line":26,"column":8},"end":{"line":30,"column":23}},{"start":{"line":31,"column":8},"end":{"line":32,"column":107}}],"line":18},"4":{"loc":{"start":{"line":27,"column":12},"end":{"line":29,"column":13}},"type":"if","locations":[{"start":{"line":27,"column":12},"end":{"line":29,"column":13}},{"start":{},"end":{}}],"line":27},"5":{"loc":{"start":{"line":36,"column":4},"end":{"line":48,"column":5}},"type":"switch","locations":[{"start":{"line":37,"column":8},"end":{"line":37,"column":63}},{"start":{"line":38,"column":8},"end":{"line":38,"column":55}},{"start":{"line":39,"column":8},"end":{"line":39,"column":63}},{"start":{"line":41,"column":8},"end":{"line":41,"column":56}},{"start":{"line":42,"column":8},"end":{"line":42,"column":62}},{"start":{"line":44,"column":8},"end":{"line":45,"column":79}},{"start":{"line":46,"column":8},"end":{"line":47,"column":110}}],"line":36}},"s":{"0":7,"1":37,"2":3,"3":34,"4":34,"5":34,"6":34,"7":9,"8":25,"9":4,"10":4,"11":8,"12":8,"13":6,"14":6,"15":2,"16":2,"17":2,"18":2,"19":1,"20":1,"21":0,"22":2,"23":22,"24":4,"25":6,"26":6,"27":2,"28":2,"29":1,"30":1,"31":7},"f":{"0":37},"b":{"0":[3,34],"1":[37,36,35],"2":[9,25],"3":[4,8,6,2,2,1,2],"4":[1,0],"5":[4,6,6,2,2,1,1]},"_coverageSchema":"1a1c01bbd47fc00a2c39e90264f33305004495a9","hash":"7e6f289625e351193661f2b93204d344eede28b8"}
,"C:\\Users\\Micro\\Desktop\\SEC (Sistema de Estoque  - Confeitaria\\src\\BACKEND\\API_CONFEITARIA\\routes\\index.js": {"path":"C:\\Users\\Micro\\Desktop\\SEC (Sistema de Estoque  - Confeitaria\\src\\BACKEND\\API_CONFEITARIA\\routes\\index.js","statementMap":{"0":{"start":{"line":1,"column":16},"end":{"line":1,"column":34}},"1":{"start":{"line":2,"column":20},"end":{"line":2,"column":44}},"2":{"start":{"line":3,"column":19},"end":{"line":3,"column":42}},"3":{"start":{"line":4,"column":20},"end":{"line":4,"column":44}},"4":{"start":{"line":5,"column":23},"end":{"line":5,"column":50}},"5":{"start":{"line":6,"column":20},"end":{"line":6,"column":44}},"6":{"start":{"line":8,"column":15},"end":{"line":8,"column":31}},"7":{"start":{"line":10,"column":0},"end":{"line":10,"column":24}},"8":{"start":{"line":11,"column":0},"end":{"line":11,"column":23}},"9":{"start":{"line":12,"column":0},"end":{"line":12,"column":24}},"10":{"start":{"line":13,"column":0},"end":{"line":13,"column":27}},"11":{"start":{"line":14,"column":0},"end":{"line":14,"column":24}},"12":{"start":{"line":16,"column":0},"end":{"line":16,"column":24}}},"fnMap":{},"branchMap":{},"s":{"0":6,"1":6,"2":6,"3":6,"4":6,"5":6,"6":6,"7":6,"8":6,"9":6,"10":6,"11":6,"12":6},"f":{},"b":{},"_coverageSchema":"1a1c01bbd47fc00a2c39e90264f33305004495a9","hash":"984323b4493fb2d17581695b08f53bacef25b1d6"}
,"C:\\Users\\Micro\\Desktop\\SEC (Sistema de Estoque  - Confeitaria\\src\\BACKEND\\API_CONFEITARIA\\routes\\loginRoutes.js": {"path":"C:\\Users\\Micro\\Desktop\\SEC (Sistema de Estoque  - Confeitaria\\src\\BACKEND\\API_CONFEITARIA\\routes\\loginRoutes.js","statementMap":{"0":{"start":{"line":1,"column":16},"end":{"line":1,"column":34}},"1":{"start":{"line":2,"column":24},"end":{"line":2,"column":65}},"2":{"start":{"line":4,"column":15},"end":{"line":4,"column":31}},"3":{"start":{"line":6,"column":0},"end":{"line":6,"column":58}},"4":{"start":{"line":8,"column":0},"end":{"line":8,"column":24}}},"fnMap":{},"branchMap":{},"s":{"0":6,"1":6,"2":6,"3":6,"4":6},"f":{},"b":{},"_coverageSchema":"1a1c01bbd47fc00a2c39e90264f33305004495a9","hash":"42070767da0530f3738e9271b2e61103a7b2bcb5"}
,"C:\\Users\\Micro\\Desktop\\SEC (Sistema de Estoque  - Confeitaria\\src\\BACKEND\\API_CONFEITARIA\\routes\\orderRoutes.js": {"path":"C:\\Users\\Micro\\Desktop\\SEC (Sistema de Estoque  - Confeitaria\\src\\BACKEND\\API_CONFEITARIA\\routes\\orderRoutes.js","statementMap":{"0":{"start":{"line":1,"column":16},"end":{"line":1,"column":34}},"1":{"start":{"line":2,"column":24},"end":{"line":2,"column":65}},"2":{"start":{"line":3,"column":19},"end":{"line":3,"column":67}},"3":{"start":{"line":5,"column":15},"end":{"line":5,"column":31}},"4":{"start":{"line":7,"column":0},"end":{"line":7,"column":65}},"5":{"start":{"line":8,"column":0},"end":{"line":8,"column":62}},"6":{"start":{"line":9,"column":0},"end":{"line":9,"column":69}},"7":{"start":{"line":10,"column":0},"end":{"line":10,"column":77}},"8":{"start":{"line":11,"column":0},"end":{"line":11,"column":74}},"9":{"start":{"line":12,"column":0},"end":{"line":16,"column":2}},"10":{"start":{"line":18,"column":0},"end":{"line":18,"column":24}}},"fnMap":{},"branchMap":{},"s":{"0":6,"1":6,"2":6,"3":6,"4":6,"5":6,"6":6,"7":6,"8":6,"9":6,"10":6},"f":{},"b":{},"_coverageSchema":"1a1c01bbd47fc00a2c39e90264f33305004495a9","hash":"0288f6827117ae6c2fa8e70caac9ce93a1fee61d"}
,"C:\\Users\\Micro\\Desktop\\SEC (Sistema de Estoque  - Confeitaria\\src\\BACKEND\\API_CONFEITARIA\\routes\\revenuesRoutes.js": {"path":"C:\\Users\\Micro\\Desktop\\SEC (Sistema de Estoque  - Confeitaria\\src\\BACKEND\\API_CONFEITARIA\\routes\\revenuesRoutes.js","statementMap":{"0":{"start":{"line":1,"column":16},"end":{"line":1,"column":34}},"1":{"start":{"line":2,"column":27},"end":{"line":2,"column":71}},"2":{"start":{"line":3,"column":37},"end":{"line":3,"column":91}},"3":{"start":{"line":4,"column":19},"end":{"line":4,"column":67}},"4":{"start":{"line":6,"column":15},"end":{"line":6,"column":31}},"5":{"start":{"line":8,"column":0},"end":{"line":12,"column":2}},"6":{"start":{"line":13,"column":0},"end":{"line":17,"column":2}},"7":{"start":{"line":18,"column":0},"end":{"line":22,"column":2}},"8":{"start":{"line":24,"column":0},"end":{"line":27,"column":2}},"9":{"start":{"line":29,"column":0},"end":{"line":29,"column":76}},"10":{"start":{"line":30,"column":0},"end":{"line":30,"column":73}},"11":{"start":{"line":31,"column":0},"end":{"line":31,"column":80}},"12":{"start":{"line":32,"column":0},"end":{"line":32,"column":79}},"13":{"start":{"line":33,"column":0},"end":{"line":37,"column":2}},"14":{"start":{"line":39,"column":0},"end":{"line":39,"column":24}}},"fnMap":{},"branchMap":{},"s":{"0":6,"1":6,"2":6,"3":6,"4":6,"5":6,"6":6,"7":6,"8":6,"9":6,"10":6,"11":6,"12":6,"13":6,"14":6},"f":{},"b":{},"_coverageSchema":"1a1c01bbd47fc00a2c39e90264f33305004495a9","hash":"2b695e29414aacfe7d24878f3b59de50c7460098"}
,"C:\\Users\\Micro\\Desktop\\SEC (Sistema de Estoque  - Confeitaria\\src\\BACKEND\\API_CONFEITARIA\\routes\\stockRoutes.js": {"path":"C:\\Users\\Micro\\Desktop\\SEC (Sistema de Estoque  - Confeitaria\\src\\BACKEND\\API_CONFEITARIA\\routes\\stockRoutes.js","statementMap":{"0":{"start":{"line":1,"column":16},"end":{"line":1,"column":34}},"1":{"start":{"line":2,"column":24},"end":{"line":2,"column":65}},"2":{"start":{"line":3,"column":19},"end":{"line":3,"column":67}},"3":{"start":{"line":5,"column":15},"end":{"line":5,"column":31}},"4":{"start":{"line":6,"column":0},"end":{"line":6,"column":76}},"5":{"start":{"line":7,"column":0},"end":{"line":7,"column":73}},"6":{"start":{"line":8,"column":0},"end":{"line":8,"column":83}},"7":{"start":{"line":10,"column":0},"end":{"line":14,"column":2}},"8":{"start":{"line":15,"column":0},"end":{"line":19,"column":2}},"9":{"start":{"line":20,"column":0},"end":{"line":24,"column":2}},"10":{"start":{"line":26,"column":0},"end":{"line":26,"column":24}}},"fnMap":{},"branchMap":{},"s":{"0":6,"1":6,"2":6,"3":6,"4":6,"5":6,"6":6,"7":6,"8":6,"9":6,"10":6},"f":{},"b":{},"_coverageSchema":"1a1c01bbd47fc00a2c39e90264f33305004495a9","hash":"5fcd2efe161aa4f92af7f10acf0b245bd70af4d2"}
,"C:\\Users\\Micro\\Desktop\\SEC (Sistema de Estoque  - Confeitaria\\src\\BACKEND\\API_CONFEITARIA\\routes\\userRoutes.js": {"path":"C:\\Users\\Micro\\Desktop\\SEC (Sistema de Estoque  - Confeitaria\\src\\BACKEND\\API_CONFEITARIA\\routes\\userRoutes.js","statementMap":{"0":{"start":{"line":1,"column":16},"end":{"line":1,"column":34}},"1":{"start":{"line":2,"column":23},"end":{"line":2,"column":63}},"2":{"start":{"line":3,"column":19},"end":{"line":3,"column":67}},"3":{"start":{"line":5,"column":15},"end":{"line":5,"column":31}},"4":{"start":{"line":7,"column":0},"end":{"line":7,"column":51}},"5":{"start":{"line":8,"column":0},"end":{"line":8,"column":67}},"6":{"start":{"line":9,"column":0},"end":{"line":9,"column":74}},"7":{"start":{"line":10,"column":0},"end":{"line":10,"column":66}},"8":{"start":{"line":11,"column":0},"end":{"line":15,"column":2}},"9":{"start":{"line":16,"column":0},"end":{"line":16,"column":71}},"10":{"start":{"line":18,"column":0},"end":{"line":18,"column":24}}},"fnMap":{},"branchMap":{},"s":{"0":6,"1":6,"2":6,"3":6,"4":6,"5":6,"6":6,"7":6,"8":6,"9":6,"10":6},"f":{},"b":{},"_coverageSchema":"1a1c01bbd47fc00a2c39e90264f33305004495a9","hash":"3475548cd2d6c56dab345d6cb2cca277915c7a14"}
}
