TN:
SF:app.js
FNF:0
FNH:0
DA:1,6
DA:2,6
DA:3,6
DA:5,6
DA:7,6
DA:8,6
DA:9,6
DA:11,6
LF:8
LH:8
BRF:0
BRH:0
end_of_record
TN:
SF:controllers\LoginController.js
FN:12,(anonymous_0)
FNF:1
FNH:1
FNDA:5,(anonymous_0)
DA:1,6
DA:2,6
DA:4,6
DA:5,6
DA:7,6
DA:9,6
DA:13,5
DA:15,5
DA:16,1
DA:19,4
DA:20,1
DA:23,3
DA:29,3
DA:30,1
DA:33,2
DA:35,2
DA:36,1
DA:39,2
DA:41,2
DA:42,2
DA:43,2
DA:47,2
DA:56,1
DA:61,6
LF:24
LH:24
BRDA:15,0,0,1
BRDA:15,0,1,4
BRDA:19,1,0,1
BRDA:19,1,1,3
BRDA:29,2,0,1
BRDA:29,2,1,2
BRDA:35,3,0,1
BRDA:35,3,1,1
BRF:8
BRH:8
end_of_record
TN:
SF:controllers\OrderController.js
FN:7,(anonymous_0)
FN:244,(anonymous_1)
FN:294,(anonymous_2)
FN:322,(anonymous_3)
FN:586,(anonymous_4)
FN:739,(anonymous_5)
FNF:6
FNH:3
FNDA:5,(anonymous_0)
FNDA:1,(anonymous_1)
FNDA:2,(anonymous_2)
FNDA:0,(anonymous_3)
FNDA:0,(anonymous_4)
FNDA:0,(anonymous_5)
DA:1,6
DA:2,6
DA:3,6
DA:4,6
DA:8,5
DA:9,5
DA:11,5
DA:12,5
DA:19,5
DA:24,0
DA:26,0
DA:27,0
DA:28,0
DA:30,0
DA:31,0
DA:33,0
DA:34,0
DA:39,0
DA:50,0
DA:51,0
DA:55,0
DA:56,0
DA:61,0
DA:62,0
DA:64,0
DA:65,0
DA:66,0
DA:69,0
DA:71,0
DA:73,0
DA:74,0
DA:85,0
DA:87,0
DA:89,0
DA:93,0
DA:99,0
DA:100,0
DA:112,0
DA:114,0
DA:115,0
DA:116,0
DA:127,0
DA:132,0
DA:135,0
DA:137,0
DA:150,0
DA:151,0
DA:157,0
DA:158,0
DA:160,0
DA:169,0
DA:171,0
DA:172,0
DA:183,0
DA:189,0
DA:192,0
DA:203,0
DA:216,0
DA:217,0
DA:228,0
DA:230,0
DA:236,0
DA:237,0
DA:245,1
DA:246,1
DA:249,1
DA:250,0
DA:251,0
DA:266,0
DA:267,0
DA:272,1
DA:283,1
DA:287,0
DA:288,0
DA:295,2
DA:296,2
DA:298,2
DA:309,2
DA:310,2
DA:313,0
DA:315,0
DA:316,0
DA:323,0
DA:324,0
DA:326,0
DA:327,0
DA:346,0
DA:347,0
DA:350,0
DA:351,0
DA:356,0
DA:358,0
DA:359,0
DA:360,0
DA:362,0
DA:363,0
DA:364,0
DA:366,0
DA:368,0
DA:369,0
DA:374,0
DA:375,0
DA:380,0
DA:385,0
DA:397,0
DA:403,0
DA:404,0
DA:406,0
DA:407,0
DA:409,0
DA:410,0
DA:415,0
DA:426,0
DA:427,0
DA:431,0
DA:432,0
DA:437,0
DA:439,0
DA:440,0
DA:441,0
DA:443,0
DA:445,0
DA:446,0
DA:450,0
DA:451,0
DA:455,0
DA:460,0
DA:461,0
DA:470,0
DA:471,0
DA:474,0
DA:481,0
DA:492,0
DA:493,0
DA:498,0
DA:502,0
DA:503,0
DA:514,0
DA:516,0
DA:520,0
DA:539,0
DA:551,0
DA:552,0
DA:558,0
DA:570,0
DA:572,0
DA:578,0
DA:579,0
DA:587,0
DA:588,0
DA:589,0
DA:591,0
DA:592,0
DA:597,0
DA:598,0
DA:601,0
DA:602,0
DA:607,0
DA:608,0
DA:613,0
DA:617,0
DA:622,0
DA:623,0
DA:626,0
DA:628,0
DA:629,0
DA:648,0
DA:649,0
DA:652,0
DA:653,0
DA:654,0
DA:656,0
DA:657,0
DA:658,0
DA:663,0
DA:664,0
DA:669,0
DA:671,0
DA:678,0
DA:682,0
DA:686,0
DA:690,0
DA:691,0
DA:696,0
DA:708,0
DA:715,0
DA:717,0
DA:723,0
DA:724,0
DA:725,0
DA:729,0
DA:730,0
DA:733,0
DA:740,0
DA:742,0
DA:743,0
DA:762,0
DA:763,0
DA:766,0
DA:768,0
DA:769,0
DA:770,0
DA:772,0
DA:773,0
DA:774,0
DA:776,0
DA:778,0
DA:779,0
DA:782,0
DA:783,0
DA:788,0
DA:793,0
DA:804,0
DA:810,0
DA:816,0
DA:818,0
DA:820,0
DA:821,0
DA:829,6
LF:219
LH:20
BRDA:12,0,0,5
BRDA:12,0,1,0
BRDA:13,1,0,5
BRDA:13,1,1,4
BRDA:13,1,2,4
BRDA:13,1,3,0
BRDA:13,1,4,0
BRDA:33,2,0,0
BRDA:33,2,1,0
BRDA:33,3,0,0
BRDA:33,3,1,0
BRDA:33,3,2,0
BRDA:50,4,0,0
BRDA:50,4,1,0
BRDA:55,5,0,0
BRDA:55,5,1,0
BRDA:69,6,0,0
BRDA:69,6,1,0
BRDA:71,7,0,0
BRDA:71,7,1,0
BRDA:73,8,0,0
BRDA:73,8,1,0
BRDA:87,9,0,0
BRDA:87,9,1,0
BRDA:114,10,0,0
BRDA:114,10,1,0
BRDA:115,11,0,0
BRDA:115,11,1,0
BRDA:133,12,0,0
BRDA:133,12,1,0
BRDA:135,13,0,0
BRDA:135,13,1,0
BRDA:150,14,0,0
BRDA:150,14,1,0
BRDA:171,15,0,0
BRDA:171,15,1,0
BRDA:190,16,0,0
BRDA:190,16,1,0
BRDA:249,17,0,0
BRDA:249,17,1,1
BRDA:249,18,0,1
BRDA:249,18,1,0
BRDA:266,19,0,0
BRDA:266,19,1,0
BRDA:309,20,0,2
BRDA:309,20,1,0
BRDA:346,21,0,0
BRDA:346,21,1,0
BRDA:350,22,0,0
BRDA:350,22,1,0
BRDA:368,23,0,0
BRDA:368,23,1,0
BRDA:370,24,0,0
BRDA:370,24,1,0
BRDA:374,25,0,0
BRDA:374,25,1,0
BRDA:381,26,0,0
BRDA:381,26,1,0
BRDA:409,27,0,0
BRDA:409,27,1,0
BRDA:409,28,0,0
BRDA:409,28,1,0
BRDA:409,28,2,0
BRDA:426,29,0,0
BRDA:426,29,1,0
BRDA:431,30,0,0
BRDA:431,30,1,0
BRDA:445,31,0,0
BRDA:445,31,1,0
BRDA:447,32,0,0
BRDA:447,32,1,0
BRDA:450,33,0,0
BRDA:450,33,1,0
BRDA:457,34,0,0
BRDA:457,34,1,0
BRDA:460,35,0,0
BRDA:460,35,1,0
BRDA:475,36,0,0
BRDA:475,36,1,0
BRDA:477,37,0,0
BRDA:477,37,1,0
BRDA:478,38,0,0
BRDA:478,38,1,0
BRDA:502,39,0,0
BRDA:502,39,1,0
BRDA:516,40,0,0
BRDA:516,40,1,0
BRDA:524,41,0,0
BRDA:524,41,1,0
BRDA:528,42,0,0
BRDA:528,42,1,0
BRDA:532,43,0,0
BRDA:532,43,1,0
BRDA:551,44,0,0
BRDA:551,44,1,0
BRDA:562,45,0,0
BRDA:562,45,1,0
BRDA:597,46,0,0
BRDA:597,46,1,0
BRDA:601,47,0,0
BRDA:601,47,1,0
BRDA:607,48,0,0
BRDA:607,48,1,0
BRDA:613,49,0,0
BRDA:613,49,1,0
BRDA:614,50,0,0
BRDA:614,50,1,0
BRDA:622,51,0,0
BRDA:622,51,1,0
BRDA:628,52,0,0
BRDA:628,52,1,0
BRDA:648,53,0,0
BRDA:648,53,1,0
BRDA:663,54,0,0
BRDA:663,54,1,0
BRDA:665,55,0,0
BRDA:665,55,1,0
BRDA:669,56,0,0
BRDA:669,56,1,0
BRDA:678,57,0,0
BRDA:678,57,1,0
BRDA:679,58,0,0
BRDA:679,58,1,0
BRDA:690,59,0,0
BRDA:690,59,1,0
BRDA:724,60,0,0
BRDA:724,60,1,0
BRDA:729,61,0,0
BRDA:729,61,1,0
BRDA:762,62,0,0
BRDA:762,62,1,0
BRDA:778,63,0,0
BRDA:778,63,1,0
BRDA:780,64,0,0
BRDA:780,64,1,0
BRDA:782,65,0,0
BRDA:782,65,1,0
BRDA:790,66,0,0
BRDA:790,66,1,0
BRF:139
BRH:7
end_of_record
TN:
SF:controllers\RevenuesController.js
FN:9,(anonymous_0)
FN:260,(anonymous_1)
FN:309,(anonymous_2)
FN:337,(anonymous_3)
FN:359,(anonymous_4)
FN:382,(anonymous_5)
FN:396,(anonymous_6)
FN:593,(anonymous_7)
FN:625,(anonymous_8)
FN:636,(anonymous_9)
FN:688,(anonymous_10)
FNF:11
FNH:7
FNDA:9,(anonymous_0)
FNDA:2,(anonymous_1)
FNDA:2,(anonymous_2)
FNDA:0,(anonymous_3)
FNDA:0,(anonymous_4)
FNDA:8,(anonymous_5)
FNDA:7,(anonymous_6)
FNDA:2,(anonymous_7)
FNDA:0,(anonymous_8)
FNDA:0,(anonymous_9)
FNDA:1,(anonymous_10)
DA:1,6
DA:2,6
DA:4,6
DA:6,6
DA:10,9
DA:12,9
DA:13,9
DA:14,2
DA:19,7
DA:21,7
DA:27,7
DA:28,1
DA:33,6
DA:34,6
DA:36,6
DA:38,6
DA:40,6
DA:46,0
DA:52,6
DA:53,0
DA:59,6
DA:63,6
DA:64,1
DA:69,5
DA:70,5
DA:72,5
DA:77,0
DA:82,5
DA:83,0
DA:84,0
DA:90,0
DA:95,5
DA:99,0
DA:105,5
DA:106,5
DA:112,1
DA:117,4
DA:122,4
DA:126,0
DA:130,4
DA:134,2
DA:140,2
DA:142,2
DA:144,2
DA:145,0
DA:148,0
DA:153,2
DA:155,2
DA:156,2
DA:158,2
DA:159,0
DA:160,2
DA:165,2
DA:170,0
DA:173,0
DA:179,0
DA:182,0
DA:183,0
DA:184,0
DA:189,0
DA:190,0
DA:196,0
DA:201,2
DA:208,2
DA:228,2
DA:233,0
DA:234,0
DA:235,0
DA:237,0
DA:238,0
DA:239,0
DA:240,0
DA:251,0
DA:252,0
DA:254,0
DA:261,2
DA:262,2
DA:264,2
DA:265,1
DA:266,1
DA:280,1
DA:281,1
DA:285,0
DA:289,1
DA:298,1
DA:302,0
DA:303,0
DA:310,2
DA:311,2
DA:313,2
DA:324,2
DA:325,1
DA:328,1
DA:330,0
DA:331,0
DA:338,0
DA:340,0
DA:341,0
DA:353,0
DA:354,0
DA:357,0
DA:358,0
DA:359,0
DA:361,0
DA:368,0
DA:374,0
DA:375,0
DA:383,8
DA:384,8
DA:386,8
DA:387,8
DA:392,8
DA:393,1
DA:396,7
DA:397,7
DA:398,7
DA:400,7
DA:401,2
DA:402,2
DA:403,2
DA:406,2
DA:407,1
DA:409,1
DA:413,6
DA:414,4
DA:417,6
DA:418,2
DA:421,6
DA:428,6
DA:430,3
DA:432,3
DA:433,0
DA:436,0
DA:439,3
DA:440,3
DA:445,3
DA:446,0
DA:447,0
DA:448,3
DA:449,3
DA:451,3
DA:456,3
DA:457,0
DA:460,0
DA:462,0
DA:467,0
DA:472,3
DA:477,0
DA:482,3
DA:483,0
DA:484,0
DA:490,0
DA:495,3
DA:499,1
DA:505,2
DA:506,2
DA:512,0
DA:517,2
DA:521,2
DA:522,1
DA:526,1
DA:527,0
DA:533,1
DA:535,1
DA:537,1
DA:538,0
DA:541,0
DA:546,1
DA:549,4
DA:551,4
DA:557,4
DA:562,3
DA:563,3
DA:565,3
DA:566,0
DA:567,0
DA:568,3
DA:571,1
DA:572,1
DA:573,2
DA:582,2
DA:583,2
DA:586,3
DA:594,2
DA:595,2
DA:597,2
DA:598,2
DA:619,2
DA:620,1
DA:623,1
DA:624,1
DA:625,0
DA:628,1
DA:629,0
DA:630,0
DA:636,0
DA:637,0
DA:639,0
DA:640,0
DA:642,0
DA:651,0
DA:655,0
DA:656,0
DA:659,0
DA:663,0
DA:667,0
DA:671,0
DA:672,0
DA:673,0
DA:680,0
DA:688,1
DA:689,1
DA:693,1
DA:696,1
DA:702,0
DA:704,0
DA:705,0
DA:707,0
DA:708,0
DA:709,0
DA:712,0
DA:720,6
LF:222
LH:132
BRDA:13,0,0,2
BRDA:13,0,1,7
BRDA:13,1,0,9
BRDA:13,1,1,9
BRDA:13,1,2,9
BRDA:13,1,3,8
BRDA:27,2,0,1
BRDA:27,2,1,6
BRDA:40,3,0,0
BRDA:40,3,1,6
BRDA:41,4,0,6
BRDA:41,4,1,6
BRDA:41,4,2,6
BRDA:41,4,3,6
BRDA:52,5,0,0
BRDA:52,5,1,6
BRDA:63,6,0,1
BRDA:63,6,1,5
BRDA:72,7,0,0
BRDA:72,7,1,5
BRDA:73,8,0,5
BRDA:73,8,1,5
BRDA:73,8,2,5
BRDA:82,9,0,0
BRDA:82,9,1,5
BRDA:95,10,0,0
BRDA:95,10,1,5
BRDA:96,11,0,5
BRDA:96,11,1,5
BRDA:122,12,0,0
BRDA:122,12,1,4
BRDA:123,13,0,4
BRDA:123,13,1,4
BRDA:130,14,0,2
BRDA:130,14,1,2
BRDA:131,15,0,4
BRDA:131,15,1,4
BRDA:144,16,0,0
BRDA:144,16,1,2
BRDA:144,17,0,2
BRDA:144,17,1,2
BRDA:158,18,0,0
BRDA:158,18,1,2
BRDA:160,19,0,2
BRDA:160,19,1,0
BRDA:170,20,0,0
BRDA:170,20,1,0
BRDA:182,21,0,0
BRDA:182,21,1,0
BRDA:183,22,0,0
BRDA:183,22,1,0
BRDA:189,23,0,0
BRDA:189,23,1,0
BRDA:213,24,0,2
BRDA:213,24,1,0
BRDA:237,25,0,0
BRDA:237,25,1,0
BRDA:240,26,0,0
BRDA:240,26,1,0
BRDA:241,27,0,0
BRDA:241,27,1,0
BRDA:241,27,2,0
BRDA:241,27,3,0
BRDA:241,27,4,0
BRDA:241,27,5,0
BRDA:241,27,6,0
BRDA:241,27,7,0
BRDA:241,27,8,0
BRDA:264,28,0,1
BRDA:264,28,1,1
BRDA:264,29,0,2
BRDA:264,29,1,1
BRDA:280,30,0,1
BRDA:280,30,1,0
BRDA:324,31,0,1
BRDA:324,31,1,1
BRDA:353,32,0,0
BRDA:353,32,1,0
BRDA:357,33,0,0
BRDA:357,33,1,0
BRDA:392,34,0,1
BRDA:392,34,1,7
BRDA:400,35,0,2
BRDA:400,35,1,5
BRDA:402,36,0,2
BRDA:402,36,1,0
BRDA:406,37,0,1
BRDA:406,37,1,1
BRDA:406,38,0,2
BRDA:406,38,1,1
BRDA:413,39,0,4
BRDA:413,39,1,2
BRDA:417,40,0,2
BRDA:417,40,1,4
BRDA:418,41,0,2
BRDA:418,41,1,0
BRDA:432,42,0,0
BRDA:432,42,1,3
BRDA:445,43,0,0
BRDA:445,43,1,3
BRDA:448,44,0,3
BRDA:448,44,1,0
BRDA:451,45,0,3
BRDA:451,45,1,0
BRDA:457,46,0,0
BRDA:457,46,1,0
BRDA:472,47,0,0
BRDA:472,47,1,3
BRDA:473,48,0,3
BRDA:473,48,1,3
BRDA:473,48,2,3
BRDA:482,49,0,0
BRDA:482,49,1,3
BRDA:495,50,0,1
BRDA:495,50,1,2
BRDA:496,51,0,3
BRDA:496,51,1,3
BRDA:521,52,0,1
BRDA:521,52,1,1
BRDA:521,53,0,2
BRDA:521,53,1,2
BRDA:526,54,0,0
BRDA:526,54,1,1
BRDA:526,55,0,1
BRDA:526,55,1,1
BRDA:537,56,0,0
BRDA:537,56,1,1
BRDA:537,57,0,1
BRDA:537,57,1,1
BRDA:565,58,0,0
BRDA:565,58,1,3
BRDA:568,59,0,1
BRDA:568,59,1,2
BRDA:573,60,0,2
BRDA:573,60,1,0
BRDA:574,61,0,2
BRDA:574,61,1,1
BRDA:574,61,2,1
BRDA:574,61,3,1
BRDA:574,61,4,0
BRDA:574,61,5,0
BRDA:574,61,6,0
BRDA:619,62,0,1
BRDA:619,62,1,1
BRDA:628,63,0,0
BRDA:628,63,1,1
BRDA:629,64,0,0
BRDA:629,64,1,0
BRDA:655,65,0,0
BRDA:655,65,1,0
BRDA:672,66,0,0
BRDA:672,66,1,0
BRDA:707,67,0,0
BRDA:707,67,1,0
BRF:154
BRH:92
end_of_record
TN:
SF:controllers\RevenuesIngredientController.js
FN:9,(anonymous_0)
FN:151,(anonymous_1)
FN:312,(anonymous_2)
FNF:3
FNH:2
FNDA:4,(anonymous_0)
FNDA:2,(anonymous_1)
FNDA:0,(anonymous_2)
DA:1,6
DA:2,6
DA:6,6
DA:10,4
DA:11,4
DA:12,4
DA:14,4
DA:20,0
DA:27,4
DA:28,1
DA:34,3
DA:38,3
DA:39,0
DA:45,3
DA:52,3
DA:53,1
DA:60,2
DA:61,2
DA:64,2
DA:66,2
DA:68,0
DA:69,0
DA:75,0
DA:76,2
DA:80,1
DA:85,0
DA:92,1
DA:97,1
DA:99,1
DA:100,0
DA:107,1
DA:113,0
DA:120,2
DA:129,1
DA:136,1
DA:138,1
DA:143,0
DA:145,1
DA:152,2
DA:153,2
DA:154,2
DA:156,2
DA:157,0
DA:163,2
DA:164,0
DA:169,2
DA:170,0
DA:179,2
DA:183,2
DA:184,2
DA:190,0
DA:197,0
DA:198,0
DA:205,0
DA:206,0
DA:208,0
DA:211,0
DA:212,0
DA:214,0
DA:215,0
DA:221,0
DA:222,0
DA:223,0
DA:229,0
DA:234,0
DA:240,0
DA:245,0
DA:246,0
DA:248,0
DA:251,0
DA:257,0
DA:262,0
DA:264,0
DA:270,0
DA:275,0
DA:283,0
DA:291,0
DA:298,0
DA:299,0
DA:304,0
DA:306,0
DA:313,0
DA:314,0
DA:316,0
DA:317,0
DA:325,0
DA:329,0
DA:330,0
DA:335,0
DA:339,0
DA:343,0
DA:344,0
DA:351,6
LF:93
LH:39
BRDA:14,0,0,0
BRDA:14,0,1,4
BRDA:15,1,0,4
BRDA:15,1,1,4
BRDA:15,1,2,4
BRDA:15,1,3,4
BRDA:27,2,0,1
BRDA:27,2,1,3
BRDA:38,3,0,0
BRDA:38,3,1,3
BRDA:52,4,0,1
BRDA:52,4,1,2
BRDA:66,5,0,0
BRDA:66,5,1,2
BRDA:68,6,0,0
BRDA:68,6,1,0
BRDA:76,7,0,1
BRDA:76,7,1,1
BRDA:80,8,0,0
BRDA:80,8,1,1
BRDA:97,9,0,1
BRDA:97,9,1,0
BRDA:99,10,0,0
BRDA:99,10,1,1
BRDA:138,11,0,0
BRDA:138,11,1,1
BRDA:139,12,0,1
BRDA:139,12,1,1
BRDA:139,12,2,1
BRDA:156,13,0,0
BRDA:156,13,1,2
BRDA:156,14,0,2
BRDA:156,14,1,2
BRDA:163,15,0,0
BRDA:163,15,1,2
BRDA:163,16,0,2
BRDA:163,16,1,2
BRDA:169,17,0,0
BRDA:169,17,1,2
BRDA:169,18,0,2
BRDA:169,18,1,2
BRDA:183,19,0,2
BRDA:183,19,1,0
BRDA:197,20,0,0
BRDA:197,20,1,0
BRDA:211,21,0,0
BRDA:211,21,1,0
BRDA:211,22,0,0
BRDA:211,22,1,0
BRDA:212,23,0,0
BRDA:212,23,1,0
BRDA:214,24,0,0
BRDA:214,24,1,0
BRDA:223,25,0,0
BRDA:223,25,1,0
BRDA:229,26,0,0
BRDA:229,26,1,0
BRDA:246,27,0,0
BRDA:246,27,1,0
BRDA:248,28,0,0
BRDA:248,28,1,0
BRDA:270,29,0,0
BRDA:270,29,1,0
BRDA:271,30,0,0
BRDA:271,30,1,0
BRDA:299,31,0,0
BRDA:299,31,1,0
BRDA:300,32,0,0
BRDA:300,32,1,0
BRDA:300,32,2,0
BRDA:316,33,0,0
BRDA:316,33,1,0
BRDA:316,34,0,0
BRDA:316,34,1,0
BRDA:329,35,0,0
BRDA:329,35,1,0
BRF:76
BRH:30
end_of_record
TN:
SF:controllers\StockController.js
FN:8,(anonymous_0)
FN:126,(anonymous_1)
FN:161,(anonymous_2)
FN:181,(anonymous_3)
FN:199,(anonymous_4)
FN:233,(anonymous_5)
FN:249,(anonymous_6)
FN:287,(anonymous_7)
FN:303,(anonymous_8)
FN:402,(anonymous_9)
FN:449,(anonymous_10)
FN:453,(anonymous_11)
FN:456,(anonymous_12)
FN:462,(anonymous_13)
FN:463,(anonymous_14)
FN:478,(anonymous_15)
FN:564,(anonymous_16)
FNF:17
FNH:10
FNDA:7,(anonymous_0)
FNDA:3,(anonymous_1)
FNDA:3,(anonymous_2)
FNDA:0,(anonymous_3)
FNDA:0,(anonymous_4)
FNDA:3,(anonymous_5)
FNDA:24,(anonymous_6)
FNDA:0,(anonymous_7)
FNDA:0,(anonymous_8)
FNDA:4,(anonymous_9)
FNDA:2,(anonymous_10)
FNDA:2,(anonymous_11)
FNDA:2,(anonymous_12)
FNDA:0,(anonymous_13)
FNDA:0,(anonymous_14)
FNDA:0,(anonymous_15)
FNDA:1,(anonymous_16)
DA:1,6
DA:2,6
DA:3,6
DA:5,6
DA:9,7
DA:19,7
DA:21,7
DA:22,1
DA:25,6
DA:26,1
DA:31,5
DA:35,1
DA:40,4
DA:41,4
DA:47,0
DA:53,4
DA:54,0
DA:59,4
DA:60,0
DA:65,4
DA:66,0
DA:71,4
DA:72,0
DA:75,4
DA:77,4
DA:80,4
DA:81,1
DA:84,3
DA:85,3
DA:86,3
DA:87,3
DA:88,0
DA:90,3
DA:91,3
DA:92,3
DA:93,3
DA:96,3
DA:98,3
DA:113,3
DA:118,0
DA:119,0
DA:127,3
DA:128,3
DA:130,3
DA:131,2
DA:139,2
DA:140,2
DA:145,0
DA:150,1
DA:151,1
DA:155,0
DA:162,3
DA:164,3
DA:165,3
DA:169,3
DA:170,3
DA:173,0
DA:175,0
DA:182,0
DA:183,0
DA:185,0
DA:197,0
DA:198,0
DA:199,0
DA:201,0
DA:203,0
DA:209,0
DA:216,0
DA:217,0
DA:219,0
DA:221,0
DA:222,0
DA:223,0
DA:226,0
DA:234,3
DA:235,3
DA:237,3
DA:248,3
DA:249,3
DA:250,24
DA:251,2
DA:255,3
DA:256,1
DA:261,2
DA:262,0
DA:265,2
DA:269,0
DA:272,2
DA:283,2
DA:284,2
DA:287,0
DA:288,0
DA:293,0
DA:297,0
DA:302,0
DA:303,0
DA:306,0
DA:307,0
DA:312,0
DA:313,0
DA:314,0
DA:315,0
DA:318,0
DA:322,0
DA:323,0
DA:326,0
DA:329,0
DA:331,0
DA:332,0
DA:333,0
DA:337,0
DA:342,0
DA:346,0
DA:347,0
DA:352,0
DA:354,0
DA:358,0
DA:361,0
DA:368,0
DA:371,0
DA:376,0
DA:378,0
DA:379,0
DA:381,0
DA:382,0
DA:383,0
DA:384,0
DA:388,0
DA:389,0
DA:390,0
DA:391,0
DA:392,0
DA:395,0
DA:403,4
DA:404,4
DA:406,4
DA:408,4
DA:415,4
DA:416,0
DA:419,4
DA:448,4
DA:449,2
DA:452,4
DA:453,2
DA:455,4
DA:456,2
DA:459,4
DA:460,0
DA:461,0
DA:463,0
DA:467,0
DA:478,0
DA:479,0
DA:480,0
DA:482,0
DA:483,0
DA:485,0
DA:493,0
DA:497,0
DA:499,0
DA:504,0
DA:507,0
DA:509,0
DA:511,0
DA:515,0
DA:516,0
DA:519,0
DA:525,0
DA:529,0
DA:530,0
DA:531,0
DA:535,0
DA:536,0
DA:539,0
DA:548,4
DA:552,2
DA:553,1
DA:564,1
DA:565,1
DA:566,1
DA:567,1
DA:570,1
DA:579,1
DA:583,1
DA:584,1
DA:587,1
DA:591,1
DA:595,1
DA:596,1
DA:597,1
DA:602,1
DA:610,2
DA:613,2
DA:619,0
DA:620,0
DA:621,0
DA:623,0
DA:631,6
LF:198
LH:93
BRDA:21,0,0,1
BRDA:21,0,1,6
BRDA:21,1,0,7
BRDA:21,1,1,6
BRDA:25,2,0,1
BRDA:25,2,1,5
BRDA:25,3,0,6
BRDA:25,3,1,6
BRDA:25,3,2,6
BRDA:31,4,0,1
BRDA:31,4,1,4
BRDA:32,5,0,5
BRDA:32,5,1,5
BRDA:40,6,0,4
BRDA:40,6,1,0
BRDA:41,7,0,0
BRDA:41,7,1,4
BRDA:42,8,0,4
BRDA:42,8,1,4
BRDA:42,8,2,4
BRDA:42,8,3,4
BRDA:53,9,0,0
BRDA:53,9,1,4
BRDA:53,10,0,4
BRDA:53,10,1,4
BRDA:53,10,2,4
BRDA:59,11,0,0
BRDA:59,11,1,4
BRDA:65,12,0,0
BRDA:65,12,1,4
BRDA:65,13,0,4
BRDA:65,13,1,4
BRDA:65,13,2,4
BRDA:71,14,0,0
BRDA:71,14,1,4
BRDA:71,15,0,4
BRDA:71,15,1,4
BRDA:80,16,0,1
BRDA:80,16,1,3
BRDA:85,17,0,3
BRDA:85,17,1,0
BRDA:87,18,0,0
BRDA:87,18,1,3
BRDA:104,19,0,0
BRDA:104,19,1,3
BRDA:118,20,0,0
BRDA:118,20,1,0
BRDA:121,21,0,0
BRDA:121,21,1,0
BRDA:130,22,0,2
BRDA:130,22,1,1
BRDA:130,23,0,3
BRDA:130,23,1,2
BRDA:139,24,0,2
BRDA:139,24,1,0
BRDA:169,25,0,3
BRDA:169,25,1,0
BRDA:197,26,0,0
BRDA:197,26,1,0
BRDA:221,27,0,0
BRDA:221,27,1,0
BRDA:250,28,0,2
BRDA:250,28,1,22
BRDA:255,29,0,1
BRDA:255,29,1,2
BRDA:261,30,0,0
BRDA:261,30,1,2
BRDA:265,31,0,0
BRDA:265,31,1,2
BRDA:266,32,0,2
BRDA:266,32,1,0
BRDA:283,33,0,2
BRDA:283,33,1,0
BRDA:293,34,0,0
BRDA:293,34,1,0
BRDA:294,35,0,0
BRDA:294,35,1,0
BRDA:312,36,0,0
BRDA:312,36,1,0
BRDA:318,37,0,0
BRDA:318,37,1,0
BRDA:322,38,0,0
BRDA:322,38,1,0
BRDA:331,39,0,0
BRDA:331,39,1,0
BRDA:332,40,0,0
BRDA:332,40,1,0
BRDA:346,41,0,0
BRDA:346,41,1,0
BRDA:381,42,0,0
BRDA:381,42,1,0
BRDA:384,43,0,0
BRDA:384,43,1,0
BRDA:385,44,0,0
BRDA:385,44,1,0
BRDA:390,45,0,0
BRDA:390,45,1,0
BRDA:415,46,0,0
BRDA:415,46,1,4
BRDA:459,47,0,0
BRDA:459,47,1,4
BRDA:460,48,0,0
BRDA:460,48,1,0
BRDA:497,49,0,0
BRDA:497,49,1,0
BRDA:515,50,0,0
BRDA:515,50,1,0
BRDA:530,51,0,0
BRDA:530,51,1,0
BRDA:535,52,0,0
BRDA:535,52,1,0
BRDA:548,53,0,2
BRDA:548,53,1,2
BRDA:549,54,0,4
BRDA:549,54,1,2
BRDA:552,55,0,1
BRDA:552,55,1,1
BRDA:583,56,0,1
BRDA:583,56,1,0
BRDA:596,57,0,1
BRDA:596,57,1,0
BRDA:620,58,0,0
BRDA:620,58,1,0
BRF:123
BRH:60
end_of_record
TN:
SF:controllers\UserController.js
FN:7,(anonymous_0)
FN:88,(anonymous_1)
FN:118,(anonymous_2)
FN:136,(anonymous_3)
FN:141,(anonymous_4)
FN:166,(anonymous_5)
FN:202,(anonymous_6)
FNF:7
FNH:7
FNDA:3,(anonymous_0)
FNDA:2,(anonymous_1)
FNDA:1,(anonymous_2)
FNDA:2,(anonymous_3)
FNDA:8,(anonymous_4)
FNDA:2,(anonymous_5)
FNDA:2,(anonymous_6)
DA:1,6
DA:2,6
DA:4,6
DA:8,3
DA:17,3
DA:19,3
DA:20,0
DA:22,3
DA:23,0
DA:25,3
DA:26,0
DA:28,3
DA:29,0
DA:31,3
DA:32,0
DA:34,3
DA:35,0
DA:37,3
DA:38,0
DA:40,3
DA:41,1
DA:42,0
DA:47,1
DA:50,1
DA:51,1
DA:57,2
DA:58,2
DA:68,1
DA:70,1
DA:71,1
DA:72,1
DA:73,1
DA:75,0
DA:82,1
DA:89,2
DA:90,2
DA:91,2
DA:92,1
DA:100,1
DA:101,0
DA:106,1
DA:109,1
DA:110,1
DA:112,0
DA:119,1
DA:120,1
DA:121,1
DA:127,1
DA:128,1
DA:130,0
DA:132,0
DA:137,2
DA:138,2
DA:139,2
DA:140,2
DA:141,2
DA:142,8
DA:143,1
DA:146,2
DA:147,1
DA:151,1
DA:155,1
DA:160,0
DA:167,2
DA:168,2
DA:169,2
DA:170,2
DA:171,0
DA:175,2
DA:178,2
DA:179,0
DA:181,2
DA:182,1
DA:188,1
DA:194,1
DA:198,0
DA:203,2
DA:204,2
DA:205,2
DA:206,2
DA:207,0
DA:211,2
DA:214,2
DA:215,0
DA:217,2
DA:218,0
DA:222,2
DA:223,1
DA:227,1
DA:230,1
DA:232,0
DA:237,6
LF:92
LH:71
BRDA:19,0,0,0
BRDA:19,0,1,3
BRDA:22,1,0,0
BRDA:22,1,1,3
BRDA:25,2,0,0
BRDA:25,2,1,3
BRDA:28,3,0,0
BRDA:28,3,1,3
BRDA:31,4,0,0
BRDA:31,4,1,3
BRDA:34,5,0,0
BRDA:34,5,1,3
BRDA:37,6,0,0
BRDA:37,6,1,3
BRDA:40,7,0,1
BRDA:40,7,1,2
BRDA:40,8,0,3
BRDA:40,8,1,2
BRDA:41,9,0,0
BRDA:41,9,1,1
BRDA:47,10,0,1
BRDA:47,10,1,0
BRDA:50,11,0,1
BRDA:50,11,1,0
BRDA:71,12,0,1
BRDA:71,12,1,0
BRDA:72,13,0,1
BRDA:72,13,1,0
BRDA:73,14,0,0
BRDA:73,14,1,1
BRDA:91,15,0,1
BRDA:91,15,1,1
BRDA:91,16,0,2
BRDA:91,16,1,1
BRDA:100,17,0,0
BRDA:100,17,1,1
BRDA:127,18,0,1
BRDA:127,18,1,0
BRDA:142,19,0,1
BRDA:142,19,1,7
BRDA:146,20,0,1
BRDA:146,20,1,1
BRDA:170,21,0,0
BRDA:170,21,1,2
BRDA:178,22,0,0
BRDA:178,22,1,2
BRDA:181,23,0,1
BRDA:181,23,1,1
BRDA:206,24,0,0
BRDA:206,24,1,2
BRDA:214,25,0,0
BRDA:214,25,1,2
BRDA:217,26,0,0
BRDA:217,26,1,2
BRDA:222,27,0,1
BRDA:222,27,1,1
BRF:56
BRH:36
end_of_record
TN:
SF:controllers\middlewares\checkToken.js
FN:6,checkToken
FNF:1
FNH:1
FNDA:66,checkToken
DA:1,6
DA:2,6
DA:4,6
DA:7,66
DA:9,66
DA:11,66
DA:13,66
DA:14,66
DA:15,66
DA:16,66
DA:18,0
DA:22,6
LF:12
LH:11
BRDA:9,0,0,66
BRDA:9,0,1,66
BRDA:11,1,0,0
BRDA:11,1,1,66
BRF:4
BRH:3
end_of_record
TN:
SF:controllers\utils\convertToBase.js
FN:1,convertToBase
FNF:1
FNH:1
FNDA:22,convertToBase
DA:2,22
DA:3,3
DA:6,19
DA:7,19
DA:9,19
DA:10,4
DA:11,2
DA:12,4
DA:13,3
DA:14,2
DA:15,2
DA:16,2
DA:20,7
LF:13
LH:13
BRDA:2,0,0,3
BRDA:2,0,1,19
BRDA:2,1,0,22
BRDA:2,1,1,21
BRDA:2,1,2,20
BRDA:9,2,0,4
BRDA:9,2,1,2
BRDA:9,2,2,4
BRDA:9,2,3,3
BRDA:9,2,4,2
BRDA:9,2,5,2
BRDA:9,2,6,2
BRF:12
BRH:12
end_of_record
TN:
SF:controllers\utils\excludeKey.js
FN:1,exclude
FN:3,(anonymous_1)
FNF:2
FNH:2
FNDA:7,exclude
FNDA:37,(anonymous_1)
DA:2,7
DA:3,37
DA:7,7
LF:3
LH:3
BRF:0
BRH:0
end_of_record
TN:
SF:controllers\utils\recipeUnitConverter.js
FN:3,convertRecipeUnits
FNF:1
FNH:1
FNDA:37,convertRecipeUnits
DA:1,7
DA:4,37
DA:5,3
DA:8,34
DA:9,34
DA:10,34
DA:12,34
DA:13,9
DA:18,25
DA:19,4
DA:20,8
DA:21,6
DA:23,2
DA:24,2
DA:27,1
DA:28,1
DA:30,0
DA:32,2
DA:36,22
DA:37,4
DA:38,6
DA:39,6
DA:41,2
DA:42,2
DA:45,1
DA:47,1
DA:52,7
LF:27
LH:26
BRDA:4,0,0,3
BRDA:4,0,1,34
BRDA:4,1,0,37
BRDA:4,1,1,36
BRDA:4,1,2,35
BRDA:12,2,0,9
BRDA:12,2,1,25
BRDA:18,3,0,4
BRDA:18,3,1,8
BRDA:18,3,2,6
BRDA:18,3,3,2
BRDA:18,3,4,2
BRDA:18,3,5,1
BRDA:18,3,6,2
BRDA:27,4,0,1
BRDA:27,4,1,0
BRDA:36,5,0,4
BRDA:36,5,1,6
BRDA:36,5,2,6
BRDA:36,5,3,2
BRDA:36,5,4,2
BRDA:36,5,5,1
BRDA:36,5,6,1
BRF:23
BRH:22
end_of_record
TN:
SF:routes\index.js
FNF:0
FNH:0
DA:1,6
DA:2,6
DA:3,6
DA:4,6
DA:5,6
DA:6,6
DA:8,6
DA:10,6
DA:11,6
DA:12,6
DA:13,6
DA:14,6
DA:16,6
LF:13
LH:13
BRF:0
BRH:0
end_of_record
TN:
SF:routes\loginRoutes.js
FNF:0
FNH:0
DA:1,6
DA:2,6
DA:4,6
DA:6,6
DA:8,6
LF:5
LH:5
BRF:0
BRH:0
end_of_record
TN:
SF:routes\orderRoutes.js
FNF:0
FNH:0
DA:1,6
DA:2,6
DA:3,6
DA:5,6
DA:7,6
DA:8,6
DA:9,6
DA:10,6
DA:11,6
DA:12,6
DA:18,6
LF:11
LH:11
BRF:0
BRH:0
end_of_record
TN:
SF:routes\revenuesRoutes.js
FNF:0
FNH:0
DA:1,6
DA:2,6
DA:3,6
DA:4,6
DA:6,6
DA:8,6
DA:13,6
DA:18,6
DA:24,6
DA:29,6
DA:30,6
DA:31,6
DA:32,6
DA:33,6
DA:39,6
LF:15
LH:15
BRF:0
BRH:0
end_of_record
TN:
SF:routes\stockRoutes.js
FNF:0
FNH:0
DA:1,6
DA:2,6
DA:3,6
DA:5,6
DA:6,6
DA:7,6
DA:8,6
DA:10,6
DA:15,6
DA:20,6
DA:26,6
LF:11
LH:11
BRF:0
BRH:0
end_of_record
TN:
SF:routes\userRoutes.js
FNF:0
FNH:0
DA:1,6
DA:2,6
DA:3,6
DA:5,6
DA:7,6
DA:8,6
DA:9,6
DA:10,6
DA:11,6
DA:16,6
DA:18,6
LF:11
LH:11
BRF:0
BRH:0
end_of_record
